2021-08-12 22:29:18,962  WARN [ModalContext] - ScalaProject - Project HelloWorld has platform default sourceLevel.
2021-08-12 22:29:18,965  WARN [ModalContext] - ScalaProject - Project HelloWorld runs on platform default installation.
2021-08-12 22:29:19,947  WARN [ModalContext] - ScalaProject - Project HelloWorld has platform default sourceLevel.
2021-08-12 22:29:19,948  WARN [ModalContext] - ScalaProject - Project HelloWorld runs on platform default installation.
2021-08-12 22:31:16,004  WARN [ModalContext] - ScalaProject - Project HelloWorld has platform default sourceLevel.
2021-08-12 22:31:16,005  WARN [ModalContext] - ScalaProject - Project HelloWorld runs on platform default installation.
2021-08-12 22:31:16,318  WARN [Worker-4] - ScalaProject - Project HelloWorld has platform default sourceLevel.
2021-08-12 22:31:16,318  WARN [Worker-4] - ScalaProject - Project HelloWorld runs on platform default installation.
2021-08-12 22:34:05,458  WARN [Worker-7] - ScalaProject - Project HelloWorld has platform default sourceLevel.
2021-08-12 22:34:05,459  WARN [Worker-7] - ScalaProject - Project HelloWorld runs on platform default installation.
2021-08-12 22:34:15,111  WARN [main] - ScalaProject - Project HelloWorld has platform default sourceLevel.
2021-08-12 22:34:15,112  WARN [main] - ScalaProject - Project HelloWorld runs on platform default installation.
2021-08-12 22:34:23,278  WARN [Worker-8] - ScalaProject - Project HelloWorld has platform default sourceLevel.
2021-08-12 22:34:23,278  WARN [Worker-8] - ScalaProject - Project HelloWorld runs on platform default installation.
2021-08-12 22:34:23,700  WARN [Java indexing] - ScalaProject - Project HelloWorld has platform default sourceLevel.
2021-08-12 22:34:23,700  WARN [Java indexing] - ScalaProject - Project HelloWorld runs on platform default installation.
2021-08-12 22:34:28,752  WARN [Worker-8] - ScalaProject - Project HelloWorld has platform default sourceLevel.
2021-08-12 22:34:28,752  WARN [Worker-8] - ScalaProject - Project HelloWorld runs on platform default installation.
2021-08-12 22:34:31,700 ERROR [main] - org.scala-ide.sdt.core - org.scala-ide.sdt.core - org.scala-ide.sdt.core - 0 - An error occurred while trying to create a file.
org.eclipse.core.internal.resources.ResourceException: Resource '/HelloWorld/src/MyPackage/HelloWorld.scala' already exists.
	at org.eclipse.core.internal.resources.Resource.checkDoesNotExist(Resource.java:314)
	at org.eclipse.core.internal.resources.Resource.checkDoesNotExist(Resource.java:301)
	at org.eclipse.core.internal.resources.File.create(File.java:107)
	at org.eclipse.core.internal.resources.File.create(File.java:181)
	at org.scalaide.util.eclipse.FileUtils$.$anonfun$createFile$1(FileUtils.scala:112)
	at scala.runtime.java8.JFunction0$mcV$sp.apply(JFunction0$mcV$sp.java:12)
	at scala.util.Try$.apply(Try.scala:209)
	at org.scalaide.util.eclipse.FileUtils$.createFile(FileUtils.scala:110)
	at org.scalaide.ui.internal.wizards.NewFileWizard.$anonfun$okPressed$13(NewFileWizard.scala:284)
	at org.scalaide.ui.internal.wizards.NewFileWizard.$anonfun$okPressed$13$adapted(NewFileWizard.scala:283)
	at scala.Option.foreach(Option.scala:257)
	at org.scalaide.ui.internal.wizards.NewFileWizard.okPressed(NewFileWizard.scala:283)
	at org.scalaide.ui.internal.wizards.NewFileWizard.okPressed$(NewFileWizard.scala:230)
	at org.scalaide.ui.internal.wizards.NewFileWizardAdapter$$anon$1.okPressed(NewFileWizardAdapter.scala:28)
	at org.scalaide.ui.internal.wizards.NewFileWizardAdapter.performFinish(NewFileWizardAdapter.scala:55)
	at org.eclipse.jface.wizard.WizardDialog.finishPressed(WizardDialog.java:778)
	at org.eclipse.jface.wizard.WizardDialog.buttonPressed(WizardDialog.java:417)
	at org.eclipse.jface.dialogs.Dialog.lambda$0(Dialog.java:619)
	at org.eclipse.swt.events.SelectionListener$1.widgetSelected(SelectionListener.java:81)
	at org.eclipse.swt.widgets.TypedListener.handleEvent(TypedListener.java:249)
	at org.eclipse.swt.widgets.EventTable.sendEvent(EventTable.java:86)
	at org.eclipse.swt.widgets.Display.sendEvent(Display.java:4428)
	at org.eclipse.swt.widgets.Widget.sendEvent(Widget.java:1079)
	at org.eclipse.swt.widgets.Display.runDeferredEvents(Display.java:4238)
	at org.eclipse.swt.widgets.Display.readAndDispatch(Display.java:3817)
	at org.eclipse.ui.internal.dialogs.EventLoopProgressMonitor.runEventLoop(EventLoopProgressMonitor.java:125)
	at org.eclipse.ui.internal.dialogs.EventLoopProgressMonitor.isCanceled(EventLoopProgressMonitor.java:99)
	at org.eclipse.core.internal.jobs.ThreadJob.isCanceled(ThreadJob.java:144)
	at org.eclipse.core.internal.jobs.ThreadJob.waitForRun(ThreadJob.java:250)
	at org.eclipse.core.internal.jobs.ThreadJob.joinRun(ThreadJob.java:199)
	at org.eclipse.core.internal.jobs.ImplicitJobs.begin(ImplicitJobs.java:92)
	at org.eclipse.core.internal.jobs.JobManager.beginRule(JobManager.java:308)
	at org.eclipse.core.internal.resources.WorkManager.checkIn(WorkManager.java:121)
	at org.eclipse.core.internal.resources.Workspace.prepareOperation(Workspace.java:2188)
	at org.eclipse.core.internal.resources.File.setContents(File.java:334)
	at org.eclipse.core.internal.resources.File.setContents(File.java:434)
	at org.scalaide.ui.internal.wizards.NewFileWizard.openFileInSrcDir$1(NewFileWizard.scala:367)
	at org.scalaide.ui.internal.wizards.NewFileWizard.openEditor(NewFileWizard.scala:375)
	at org.scalaide.ui.internal.wizards.NewFileWizard.$anonfun$okPressed$13(NewFileWizard.scala:287)
	at org.scalaide.ui.internal.wizards.NewFileWizard.$anonfun$okPressed$13$adapted(NewFileWizard.scala:283)
	at scala.Option.foreach(Option.scala:257)
	at org.scalaide.ui.internal.wizards.NewFileWizard.okPressed(NewFileWizard.scala:283)
	at org.scalaide.ui.internal.wizards.NewFileWizard.okPressed$(NewFileWizard.scala:230)
	at org.scalaide.ui.internal.wizards.NewFileWizardAdapter$$anon$1.okPressed(NewFileWizardAdapter.scala:28)
	at org.scalaide.ui.internal.wizards.NewFileWizardAdapter.performFinish(NewFileWizardAdapter.scala:55)
	at org.eclipse.jface.wizard.WizardDialog.finishPressed(WizardDialog.java:778)
	at org.eclipse.jface.wizard.WizardDialog.buttonPressed(WizardDialog.java:417)
	at org.eclipse.jface.dialogs.Dialog.lambda$0(Dialog.java:619)
	at org.eclipse.swt.events.SelectionListener$1.widgetSelected(SelectionListener.java:81)
	at org.eclipse.swt.widgets.TypedListener.handleEvent(TypedListener.java:249)
	at org.eclipse.swt.widgets.EventTable.sendEvent(EventTable.java:86)
	at org.eclipse.swt.widgets.Display.sendEvent(Display.java:4428)
	at org.eclipse.swt.widgets.Widget.sendEvent(Widget.java:1079)
	at org.eclipse.swt.widgets.Display.runDeferredEvents(Display.java:4238)
	at org.eclipse.swt.widgets.Display.readAndDispatch(Display.java:3817)
	at org.eclipse.jface.window.Window.runEventLoop(Window.java:818)
	at org.eclipse.jface.window.Window.open(Window.java:794)
	at org.eclipse.ui.internal.actions.NewWizardShortcutAction.run(NewWizardShortcutAction.java:133)
	at org.eclipse.jface.action.Action.runWithEvent(Action.java:473)
	at org.eclipse.jface.action.ActionContributionItem.handleWidgetSelection(ActionContributionItem.java:565)
	at org.eclipse.jface.action.ActionContributionItem.lambda$4(ActionContributionItem.java:397)
	at org.eclipse.swt.widgets.EventTable.sendEvent(EventTable.java:86)
	at org.eclipse.swt.widgets.Display.sendEvent(Display.java:4428)
	at org.eclipse.swt.widgets.Widget.sendEvent(Widget.java:1079)
	at org.eclipse.swt.widgets.Display.runDeferredEvents(Display.java:4238)
	at org.eclipse.swt.widgets.Display.readAndDispatch(Display.java:3817)
	at org.eclipse.e4.ui.internal.workbench.swt.PartRenderingEngine$5.run(PartRenderingEngine.java:1150)
	at org.eclipse.core.databinding.observable.Realm.runWithDefault(Realm.java:336)
	at org.eclipse.e4.ui.internal.workbench.swt.PartRenderingEngine.run(PartRenderingEngine.java:1039)
	at org.eclipse.e4.ui.internal.workbench.E4Workbench.createAndRunUI(E4Workbench.java:153)
	at org.eclipse.ui.internal.Workbench.lambda$3(Workbench.java:680)
	at org.eclipse.core.databinding.observable.Realm.runWithDefault(Realm.java:336)
	at org.eclipse.ui.internal.Workbench.createAndRunWorkbench(Workbench.java:594)
	at org.eclipse.ui.PlatformUI.createAndRunWorkbench(PlatformUI.java:148)
	at org.eclipse.ui.internal.ide.application.IDEApplication.start(IDEApplication.java:151)
	at org.eclipse.equinox.internal.app.EclipseAppHandle.run(EclipseAppHandle.java:196)
	at org.eclipse.core.runtime.internal.adaptor.EclipseAppLauncher.runApplication(EclipseAppLauncher.java:134)
	at org.eclipse.core.runtime.internal.adaptor.EclipseAppLauncher.start(EclipseAppLauncher.java:104)
	at org.eclipse.core.runtime.adaptor.EclipseStarter.run(EclipseStarter.java:388)
	at org.eclipse.core.runtime.adaptor.EclipseStarter.run(EclipseStarter.java:243)
	at sun.reflect.NativeMethodAccessorImpl.invoke0(Native Method)
	at sun.reflect.NativeMethodAccessorImpl.invoke(Unknown Source)
	at sun.reflect.DelegatingMethodAccessorImpl.invoke(Unknown Source)
	at java.lang.reflect.Method.invoke(Unknown Source)
	at org.eclipse.equinox.launcher.Main.invokeFramework(Main.java:653)
	at org.eclipse.equinox.launcher.Main.basicRun(Main.java:590)
	at org.eclipse.equinox.launcher.Main.run(Main.java:1499)
2021-08-12 22:35:14,349  WARN [Worker-4] - ScalaProject - Project HelloWorld has platform default sourceLevel.
2021-08-12 22:35:14,349  WARN [Worker-4] - ScalaProject - Project HelloWorld runs on platform default installation.
2021-08-12 22:35:25,567  WARN [main] - ScalaProject - Project HelloWorld has platform default sourceLevel.
2021-08-12 22:35:25,568  WARN [main] - ScalaProject - Project HelloWorld runs on platform default installation.
2021-08-12 22:35:25,692  WARN [Worker-4] - ScalaProject - Project HelloWorld has platform default sourceLevel.
2021-08-12 22:35:25,692  WARN [Worker-4] - ScalaProject - Project HelloWorld runs on platform default installation.
2021-08-12 22:39:39,565  WARN [Worker-2] - ScalaProject - Project HelloWorld has platform default sourceLevel.
2021-08-12 22:39:39,565  WARN [Worker-2] - ScalaProject - Project HelloWorld runs on platform default installation.
2021-08-12 23:12:16,462  WARN [Worker-11] - ScalaProject - Project HelloWorld has platform default sourceLevel.
2021-08-12 23:12:16,462  WARN [Worker-11] - ScalaProject - Project HelloWorld runs on platform default installation.
2021-08-12 23:14:50,033  WARN [ModalContext] - ScalaProject - Project WorksheetExample has platform default sourceLevel.
2021-08-12 23:14:50,033  WARN [ModalContext] - ScalaProject - Project WorksheetExample runs on platform default installation.
2021-08-12 23:14:50,300  WARN [Worker-10] - ScalaProject - Project WorksheetExample has platform default sourceLevel.
2021-08-12 23:14:50,300  WARN [Worker-10] - ScalaProject - Project WorksheetExample runs on platform default installation.
2021-08-12 23:15:04,758  WARN [Worker-15] - ScalaProject - Project HelloWorld has platform default sourceLevel.
2021-08-12 23:15:04,758  WARN [Worker-15] - ScalaProject - Project HelloWorld runs on platform default installation.
2021-08-12 23:24:58,542  WARN [Worker-10] - ScalaProject - Project WorksheetExample has platform default sourceLevel.
2021-08-12 23:24:58,542  WARN [Worker-10] - ScalaProject - Project WorksheetExample runs on platform default installation.
2021-08-12 23:24:58,781  WARN [bundle-351-ActorSystem-akka.actor.default-dispatcher-8] - ScalaProject - Project WorksheetExample has platform default sourceLevel.
2021-08-12 23:24:58,781  WARN [bundle-351-ActorSystem-akka.actor.default-dispatcher-8] - ScalaProject - Project WorksheetExample runs on platform default installation.
2021-08-12 23:25:01,029  WARN [Worker-11] - ScalaProject - Project WorksheetExample has platform default sourceLevel.
2021-08-12 23:25:01,029  WARN [Worker-11] - ScalaProject - Project WorksheetExample runs on platform default installation.
2021-08-12 23:27:56,738  WARN [Worker-11] - ScalaProject - Project WorksheetExample has platform default sourceLevel.
2021-08-12 23:27:56,738  WARN [Worker-11] - ScalaProject - Project WorksheetExample runs on platform default installation.
2021-08-12 23:28:10,130  WARN [Worker-16] - ScalaProject - Project WorksheetExample has platform default sourceLevel.
2021-08-12 23:28:10,130  WARN [Worker-16] - ScalaProject - Project WorksheetExample runs on platform default installation.
2021-08-12 23:28:12,132  WARN [Worker-15] - ScalaProject - Project WorksheetExample has platform default sourceLevel.
2021-08-12 23:28:12,132  WARN [Worker-15] - ScalaProject - Project WorksheetExample runs on platform default installation.
2021-08-12 23:29:26,103  WARN [Worker-10] - ScalaProject - Project WorksheetExample has platform default sourceLevel.
2021-08-12 23:29:26,105  WARN [Worker-10] - ScalaProject - Project WorksheetExample runs on platform default installation.
2021-08-12 23:29:27,990  WARN [Worker-16] - ScalaProject - Project WorksheetExample has platform default sourceLevel.
2021-08-12 23:29:27,990  WARN [Worker-16] - ScalaProject - Project WorksheetExample runs on platform default installation.
2021-08-12 23:31:02,386  WARN [Worker-11] - ScalaProject - Project WorksheetExample has platform default sourceLevel.
2021-08-12 23:31:02,386  WARN [Worker-11] - ScalaProject - Project WorksheetExample runs on platform default installation.
2021-08-12 23:31:09,666  WARN [Worker-15] - ScalaProject - Project WorksheetExample has platform default sourceLevel.
2021-08-12 23:31:09,666  WARN [Worker-15] - ScalaProject - Project WorksheetExample runs on platform default installation.
2021-08-12 23:31:11,648  WARN [Worker-16] - ScalaProject - Project WorksheetExample has platform default sourceLevel.
2021-08-12 23:31:11,648  WARN [Worker-16] - ScalaProject - Project WorksheetExample runs on platform default installation.
2021-08-13 00:03:24,757  WARN [Worker-16] - ScalaProject - Project WorksheetExample has platform default sourceLevel.
2021-08-13 00:03:24,757  WARN [Worker-16] - ScalaProject - Project WorksheetExample runs on platform default installation.
2021-08-13 00:03:25,096  WARN [bundle-351-ActorSystem-akka.actor.default-dispatcher-29] - ScalaProject - Project WorksheetExample has platform default sourceLevel.
2021-08-13 00:03:25,096  WARN [bundle-351-ActorSystem-akka.actor.default-dispatcher-29] - ScalaProject - Project WorksheetExample runs on platform default installation.
2021-08-13 00:04:28,443  WARN [Worker-11] - ScalaProject - Project WorksheetExample has platform default sourceLevel.
2021-08-13 00:04:28,444  WARN [Worker-11] - ScalaProject - Project WorksheetExample runs on platform default installation.
2021-08-13 00:05:04,488  WARN [Worker-11] - ScalaProject - Project WorksheetExample has platform default sourceLevel.
2021-08-13 00:05:04,488  WARN [Worker-11] - ScalaProject - Project WorksheetExample runs on platform default installation.
2021-08-13 00:05:06,208  WARN [Worker-11] - ScalaProject - Project WorksheetExample has platform default sourceLevel.
2021-08-13 00:05:06,209  WARN [Worker-11] - ScalaProject - Project WorksheetExample runs on platform default installation.
2021-08-13 00:06:29,310  WARN [Worker-18] - ScalaProject - Project WorksheetExample has platform default sourceLevel.
2021-08-13 00:06:29,310  WARN [Worker-18] - ScalaProject - Project WorksheetExample runs on platform default installation.
2021-08-13 00:06:31,056  WARN [Worker-16] - ScalaProject - Project WorksheetExample has platform default sourceLevel.
2021-08-13 00:06:31,056  WARN [Worker-16] - ScalaProject - Project WorksheetExample runs on platform default installation.
2021-08-13 14:04:12,506  WARN [Worker-1] - ScalaProject - Project WorksheetExample has platform default sourceLevel.
2021-08-13 14:04:12,520  WARN [Worker-1] - ScalaProject - Project WorksheetExample runs on platform default installation.
2021-08-13 14:04:12,510  WARN [org.eclipse.jface.text.reconciler.MonoReconciler] - ScalaProject - Project WorksheetExample has platform default sourceLevel.
2021-08-13 14:04:12,526  WARN [org.eclipse.jface.text.reconciler.MonoReconciler] - ScalaProject - Project WorksheetExample runs on platform default installation.
2021-08-13 14:04:12,528  WARN [org.eclipse.jface.text.reconciler.MonoReconciler] - ScalaProject - Project WorksheetExample has platform default sourceLevel.
2021-08-13 14:04:12,529  WARN [org.eclipse.jface.text.reconciler.MonoReconciler] - ScalaProject - Project WorksheetExample runs on platform default installation.
2021-08-13 14:04:12,546  WARN [Worker-1] - ScalaProject - Project HelloWorld has platform default sourceLevel.
2021-08-13 14:04:12,546  WARN [Worker-1] - ScalaProject - Project HelloWorld runs on platform default installation.
2021-08-13 14:04:12,599  WARN [org.eclipse.jface.text.reconciler.MonoReconciler] - ScalaProject - Project HelloWorld has platform default sourceLevel.
2021-08-13 14:04:12,600  WARN [org.eclipse.jface.text.reconciler.MonoReconciler] - ScalaProject - Project HelloWorld runs on platform default installation.
2021-08-13 14:05:05,429  WARN [Worker-2] - ScalaProject - Project WorksheetExample has platform default sourceLevel.
2021-08-13 14:05:05,429  WARN [Worker-2] - ScalaProject - Project WorksheetExample runs on platform default installation.
2021-08-13 14:05:05,662  WARN [Worker-2] - ScalaProject - Project WorksheetExample has platform default sourceLevel.
2021-08-13 14:05:05,662  WARN [Worker-2] - ScalaProject - Project WorksheetExample runs on platform default installation.
2021-08-13 14:05:11,154  WARN [Worker-1] - ScalaProject - Project WorksheetExample has platform default sourceLevel.
2021-08-13 14:05:11,154  WARN [Worker-1] - ScalaProject - Project WorksheetExample runs on platform default installation.
2021-08-13 14:05:20,558  WARN [Worker-1] - ScalaProject - Project WorksheetExample has platform default sourceLevel.
2021-08-13 14:05:20,559  WARN [Worker-1] - ScalaProject - Project WorksheetExample runs on platform default installation.
2021-08-13 14:05:22,886  WARN [Worker-5] - ScalaProject - Project WorksheetExample has platform default sourceLevel.
2021-08-13 14:05:22,886  WARN [Worker-5] - ScalaProject - Project WorksheetExample runs on platform default installation.
2021-08-13 14:05:24,821  WARN [Worker-2] - ScalaProject - Project WorksheetExample has platform default sourceLevel.
2021-08-13 14:05:24,821  WARN [Worker-2] - ScalaProject - Project WorksheetExample runs on platform default installation.
2021-08-13 14:05:41,024 ERROR [Text Viewer Hover Presenter] - IScalaPresentationCompiler$ - Ignoring InterruptException
2021-08-13 14:05:41,025 ERROR [Text Viewer Hover Presenter] - IScalaPresentationCompiler$ - Ignoring InterruptException
2021-08-13 14:05:41,031 ERROR [Text Viewer Hover Presenter] - IScalaPresentationCompiler$ - Ignoring InterruptException
2021-08-13 14:06:22,323  WARN [Worker-6] - ScalaProject - Project WorksheetExample has platform default sourceLevel.
2021-08-13 14:06:22,324  WARN [Worker-6] - ScalaProject - Project WorksheetExample runs on platform default installation.
2021-08-13 14:06:25,672  WARN [Worker-6] - ScalaProject - Project WorksheetExample has platform default sourceLevel.
2021-08-13 14:06:25,672  WARN [Worker-6] - ScalaProject - Project WorksheetExample runs on platform default installation.
2021-08-13 14:06:27,598  WARN [Worker-2] - ScalaProject - Project WorksheetExample has platform default sourceLevel.
2021-08-13 14:06:27,598  WARN [Worker-2] - ScalaProject - Project WorksheetExample runs on platform default installation.
2021-08-13 14:06:47,212  WARN [Worker-5] - ScalaProject - Project WorksheetExample has platform default sourceLevel.
2021-08-13 14:06:47,212  WARN [Worker-5] - ScalaProject - Project WorksheetExample runs on platform default installation.
2021-08-13 14:06:55,566  WARN [Worker-4] - ScalaProject - Project WorksheetExample has platform default sourceLevel.
2021-08-13 14:06:55,566  WARN [Worker-4] - ScalaProject - Project WorksheetExample runs on platform default installation.
2021-08-13 14:06:57,451  WARN [Worker-2] - ScalaProject - Project WorksheetExample has platform default sourceLevel.
2021-08-13 14:06:57,451  WARN [Worker-2] - ScalaProject - Project WorksheetExample runs on platform default installation.
2021-08-13 14:07:20,149  WARN [Worker-4] - ScalaProject - Project WorksheetExample has platform default sourceLevel.
2021-08-13 14:07:20,149  WARN [Worker-4] - ScalaProject - Project WorksheetExample runs on platform default installation.
2021-08-13 14:07:22,043  WARN [Worker-5] - ScalaProject - Project WorksheetExample has platform default sourceLevel.
2021-08-13 14:07:22,043  WARN [Worker-5] - ScalaProject - Project WorksheetExample runs on platform default installation.
2021-08-13 14:18:51,212  WARN [Worker-6] - ScalaProject - Project WorksheetExample has platform default sourceLevel.
2021-08-13 14:18:51,212  WARN [Worker-6] - ScalaProject - Project WorksheetExample runs on platform default installation.
2021-08-13 14:18:55,636  WARN [Worker-1] - ScalaProject - Project WorksheetExample has platform default sourceLevel.
2021-08-13 14:18:55,636  WARN [Worker-1] - ScalaProject - Project WorksheetExample runs on platform default installation.
2021-08-13 14:18:57,445  WARN [Worker-3] - ScalaProject - Project WorksheetExample has platform default sourceLevel.
2021-08-13 14:18:57,445  WARN [Worker-3] - ScalaProject - Project WorksheetExample runs on platform default installation.
2021-08-13 14:19:15,535  WARN [Worker-1] - ScalaProject - Project WorksheetExample has platform default sourceLevel.
2021-08-13 14:19:15,540  WARN [Worker-1] - ScalaProject - Project WorksheetExample runs on platform default installation.
2021-08-13 14:20:19,822  WARN [Worker-6] - ScalaProject - Project WorksheetExample has platform default sourceLevel.
2021-08-13 14:20:19,822  WARN [Worker-6] - ScalaProject - Project WorksheetExample runs on platform default installation.
2021-08-13 17:12:35,190  WARN [Worker-10] - ScalaProject - Project WorksheetExample has platform default sourceLevel.
2021-08-13 17:12:35,191  WARN [Worker-10] - ScalaProject - Project WorksheetExample runs on platform default installation.
2021-08-13 17:12:37,222  WARN [Worker-11] - ScalaProject - Project WorksheetExample has platform default sourceLevel.
2021-08-13 17:12:37,223  WARN [Worker-11] - ScalaProject - Project WorksheetExample runs on platform default installation.
2021-08-13 17:12:41,680  WARN [Worker-3] - ScalaProject - Project WorksheetExample has platform default sourceLevel.
2021-08-13 17:12:41,680  WARN [Worker-3] - ScalaProject - Project WorksheetExample runs on platform default installation.
2021-08-13 17:13:16,285  WARN [Worker-1] - ScalaProject - Project WorksheetExample has platform default sourceLevel.
2021-08-13 17:13:16,285  WARN [Worker-1] - ScalaProject - Project WorksheetExample runs on platform default installation.
2021-08-13 17:13:18,955  WARN [Worker-1] - ScalaProject - Project WorksheetExample has platform default sourceLevel.
2021-08-13 17:13:18,956  WARN [Worker-1] - ScalaProject - Project WorksheetExample runs on platform default installation.
2021-08-13 17:13:20,609  WARN [Worker-13] - ScalaProject - Project WorksheetExample has platform default sourceLevel.
2021-08-13 17:13:20,609  WARN [Worker-13] - ScalaProject - Project WorksheetExample runs on platform default installation.
2021-08-13 17:14:48,645  WARN [Worker-13] - ScalaProject - Project WorksheetExample has platform default sourceLevel.
2021-08-13 17:14:48,646  WARN [Worker-13] - ScalaProject - Project WorksheetExample runs on platform default installation.
2021-08-13 17:15:03,196  WARN [Worker-13] - ScalaProject - Project WorksheetExample has platform default sourceLevel.
2021-08-13 17:15:03,197  WARN [Worker-13] - ScalaProject - Project WorksheetExample runs on platform default installation.
2021-08-13 17:15:04,906  WARN [Worker-3] - ScalaProject - Project WorksheetExample has platform default sourceLevel.
2021-08-13 17:15:04,906  WARN [Worker-3] - ScalaProject - Project WorksheetExample runs on platform default installation.
2021-08-13 17:17:43,621  WARN [Worker-10] - ScalaProject - Project WorksheetExample has platform default sourceLevel.
2021-08-13 17:17:43,621  WARN [Worker-10] - ScalaProject - Project WorksheetExample runs on platform default installation.
2021-08-13 17:17:48,978  WARN [Worker-13] - ScalaProject - Project WorksheetExample has platform default sourceLevel.
2021-08-13 17:17:48,978  WARN [Worker-13] - ScalaProject - Project WorksheetExample runs on platform default installation.
2021-08-13 17:17:50,820  WARN [Worker-1] - ScalaProject - Project WorksheetExample has platform default sourceLevel.
2021-08-13 17:17:50,820  WARN [Worker-1] - ScalaProject - Project WorksheetExample runs on platform default installation.
2021-08-13 18:02:17,491  WARN [Worker-13] - ScalaProject - Project WorksheetExample has platform default sourceLevel.
2021-08-13 18:02:17,492  WARN [Worker-13] - ScalaProject - Project WorksheetExample runs on platform default installation.
2021-08-13 18:02:19,222  WARN [Worker-1] - ScalaProject - Project WorksheetExample has platform default sourceLevel.
2021-08-13 18:02:19,222  WARN [Worker-1] - ScalaProject - Project WorksheetExample runs on platform default installation.
2021-08-13 18:03:01,930  WARN [Worker-1] - ScalaProject - Project WorksheetExample has platform default sourceLevel.
2021-08-13 18:03:01,930  WARN [Worker-1] - ScalaProject - Project WorksheetExample runs on platform default installation.
2021-08-13 18:03:02,243 ERROR [Worker-11] - ProgramExecutor$ - Worksheet process has terminated unexpectedly (exit value 1
At the time of termination, the following text was available in the output streams:
Standard output:
  
Standard error:
  Error: Main method not found in class loopsPractice, please define the main method as:
   public static void main(String[] args)
or a JavaFX application class must extend javafx.application.Application


2021-08-13 18:03:21,602  WARN [Worker-10] - ScalaProject - Project WorksheetExample has platform default sourceLevel.
2021-08-13 18:03:21,602  WARN [Worker-10] - ScalaProject - Project WorksheetExample runs on platform default installation.
2021-08-13 18:03:23,295  WARN [Worker-10] - ScalaProject - Project WorksheetExample has platform default sourceLevel.
2021-08-13 18:03:23,295  WARN [Worker-10] - ScalaProject - Project WorksheetExample runs on platform default installation.
2021-08-13 18:06:40,767  WARN [Worker-13] - ScalaProject - Project WorksheetExample has platform default sourceLevel.
2021-08-13 18:06:40,768  WARN [Worker-13] - ScalaProject - Project WorksheetExample runs on platform default installation.
2021-08-13 18:06:54,528 ERROR [Text Viewer Hover Presenter] - IScalaPresentationCompiler$ - Ignoring InterruptException
2021-08-13 18:06:54,533 ERROR [Text Viewer Hover Presenter] - IScalaPresentationCompiler$ - Ignoring InterruptException
2021-08-13 18:06:54,533 ERROR [Text Viewer Hover Presenter] - IScalaPresentationCompiler$ - Ignoring InterruptException
2021-08-13 18:08:43,123  WARN [Worker-1] - ScalaProject - Project WorksheetExample has platform default sourceLevel.
2021-08-13 18:08:43,123  WARN [Worker-1] - ScalaProject - Project WorksheetExample runs on platform default installation.
2021-08-13 18:08:45,822  WARN [Worker-13] - ScalaProject - Project WorksheetExample has platform default sourceLevel.
2021-08-13 18:08:45,822  WARN [Worker-13] - ScalaProject - Project WorksheetExample runs on platform default installation.
2021-08-13 18:08:48,153  WARN [Worker-10] - ScalaProject - Project WorksheetExample has platform default sourceLevel.
2021-08-13 18:08:48,154  WARN [Worker-10] - ScalaProject - Project WorksheetExample runs on platform default installation.
2021-08-13 18:08:50,327  WARN [Worker-10] - ScalaProject - Project WorksheetExample has platform default sourceLevel.
2021-08-13 18:08:50,328  WARN [Worker-10] - ScalaProject - Project WorksheetExample runs on platform default installation.
2021-08-13 18:08:52,015  WARN [Worker-10] - ScalaProject - Project WorksheetExample has platform default sourceLevel.
2021-08-13 18:08:52,015  WARN [Worker-10] - ScalaProject - Project WorksheetExample runs on platform default installation.
2021-08-13 18:08:56,411  WARN [Worker-13] - ScalaProject - Project WorksheetExample has platform default sourceLevel.
2021-08-13 18:08:56,411  WARN [Worker-13] - ScalaProject - Project WorksheetExample runs on platform default installation.
2021-08-13 18:08:58,190  WARN [Worker-13] - ScalaProject - Project WorksheetExample has platform default sourceLevel.
2021-08-13 18:08:58,191  WARN [Worker-13] - ScalaProject - Project WorksheetExample runs on platform default installation.
2021-08-13 18:09:40,842  WARN [Worker-10] - ScalaProject - Project WorksheetExample has platform default sourceLevel.
2021-08-13 18:09:40,842  WARN [Worker-10] - ScalaProject - Project WorksheetExample runs on platform default installation.
2021-08-13 18:09:43,830  WARN [Worker-1] - ScalaProject - Project WorksheetExample has platform default sourceLevel.
2021-08-13 18:09:43,830  WARN [Worker-1] - ScalaProject - Project WorksheetExample runs on platform default installation.
2021-08-13 18:09:45,733  WARN [Worker-11] - ScalaProject - Project WorksheetExample has platform default sourceLevel.
2021-08-13 18:09:45,733  WARN [Worker-11] - ScalaProject - Project WorksheetExample runs on platform default installation.
2021-08-13 18:09:48,736  WARN [Worker-13] - ScalaProject - Project WorksheetExample has platform default sourceLevel.
2021-08-13 18:09:48,737  WARN [Worker-13] - ScalaProject - Project WorksheetExample runs on platform default installation.
2021-08-13 18:09:50,521  WARN [Worker-10] - ScalaProject - Project WorksheetExample has platform default sourceLevel.
2021-08-13 18:09:50,521  WARN [Worker-10] - ScalaProject - Project WorksheetExample runs on platform default installation.
2021-08-13 18:09:52,264  WARN [Worker-10] - ScalaProject - Project WorksheetExample has platform default sourceLevel.
2021-08-13 18:09:52,265  WARN [Worker-10] - ScalaProject - Project WorksheetExample runs on platform default installation.
2021-08-13 18:09:53,962  WARN [Worker-11] - ScalaProject - Project WorksheetExample has platform default sourceLevel.
2021-08-13 18:09:53,962  WARN [Worker-11] - ScalaProject - Project WorksheetExample runs on platform default installation.
2021-08-13 18:09:59,165  WARN [Worker-11] - ScalaProject - Project WorksheetExample has platform default sourceLevel.
2021-08-13 18:09:59,165  WARN [Worker-11] - ScalaProject - Project WorksheetExample runs on platform default installation.
2021-08-13 18:10:03,491  WARN [Worker-10] - ScalaProject - Project WorksheetExample has platform default sourceLevel.
2021-08-13 18:10:03,491  WARN [Worker-10] - ScalaProject - Project WorksheetExample runs on platform default installation.
2021-08-13 18:10:05,196  WARN [Worker-10] - ScalaProject - Project WorksheetExample has platform default sourceLevel.
2021-08-13 18:10:05,196  WARN [Worker-10] - ScalaProject - Project WorksheetExample runs on platform default installation.
2021-08-13 18:11:53,365  WARN [Worker-11] - ScalaProject - Project WorksheetExample has platform default sourceLevel.
2021-08-13 18:11:53,365  WARN [Worker-11] - ScalaProject - Project WorksheetExample runs on platform default installation.
2021-08-13 18:11:58,349  WARN [Worker-11] - ScalaProject - Project WorksheetExample has platform default sourceLevel.
2021-08-13 18:11:58,350  WARN [Worker-11] - ScalaProject - Project WorksheetExample runs on platform default installation.
2021-08-13 18:12:01,254  WARN [Worker-11] - ScalaProject - Project WorksheetExample has platform default sourceLevel.
2021-08-13 18:12:01,254  WARN [Worker-11] - ScalaProject - Project WorksheetExample runs on platform default installation.
2021-08-13 18:12:04,477  WARN [Worker-10] - ScalaProject - Project WorksheetExample has platform default sourceLevel.
2021-08-13 18:12:04,477  WARN [Worker-10] - ScalaProject - Project WorksheetExample runs on platform default installation.
2021-08-13 18:12:07,945  WARN [Worker-11] - ScalaProject - Project WorksheetExample has platform default sourceLevel.
2021-08-13 18:12:07,945  WARN [Worker-11] - ScalaProject - Project WorksheetExample runs on platform default installation.
2021-08-13 18:12:10,562  WARN [Worker-1] - ScalaProject - Project WorksheetExample has platform default sourceLevel.
2021-08-13 18:12:10,563  WARN [Worker-1] - ScalaProject - Project WorksheetExample runs on platform default installation.
2021-08-13 18:12:13,289  WARN [Worker-1] - ScalaProject - Project WorksheetExample has platform default sourceLevel.
2021-08-13 18:12:13,289  WARN [Worker-1] - ScalaProject - Project WorksheetExample runs on platform default installation.
2021-08-13 18:12:15,864  WARN [Worker-10] - ScalaProject - Project WorksheetExample has platform default sourceLevel.
2021-08-13 18:12:15,865  WARN [Worker-10] - ScalaProject - Project WorksheetExample runs on platform default installation.
2021-08-13 18:12:17,487  WARN [Worker-10] - ScalaProject - Project WorksheetExample has platform default sourceLevel.
2021-08-13 18:12:17,487  WARN [Worker-10] - ScalaProject - Project WorksheetExample runs on platform default installation.
2021-08-13 18:12:50,066  WARN [Worker-1] - ScalaProject - Project WorksheetExample has platform default sourceLevel.
2021-08-13 18:12:50,066  WARN [Worker-1] - ScalaProject - Project WorksheetExample runs on platform default installation.
2021-08-13 18:12:54,841  WARN [Worker-11] - ScalaProject - Project WorksheetExample has platform default sourceLevel.
2021-08-13 18:12:54,841  WARN [Worker-11] - ScalaProject - Project WorksheetExample runs on platform default installation.
2021-08-13 18:12:57,523  WARN [Worker-13] - ScalaProject - Project WorksheetExample has platform default sourceLevel.
2021-08-13 18:12:57,523  WARN [Worker-13] - ScalaProject - Project WorksheetExample runs on platform default installation.
2021-08-13 18:13:10,969  WARN [Worker-11] - ScalaProject - Project WorksheetExample has platform default sourceLevel.
2021-08-13 18:13:10,970  WARN [Worker-11] - ScalaProject - Project WorksheetExample runs on platform default installation.
2021-08-13 18:13:12,751  WARN [Worker-1] - ScalaProject - Project WorksheetExample has platform default sourceLevel.
2021-08-13 18:13:12,751  WARN [Worker-1] - ScalaProject - Project WorksheetExample runs on platform default installation.
2021-08-13 18:18:04,729  WARN [Worker-10] - ScalaProject - Project WorksheetExample has platform default sourceLevel.
2021-08-13 18:18:04,729  WARN [Worker-10] - ScalaProject - Project WorksheetExample runs on platform default installation.
2021-08-13 18:18:06,349  WARN [Worker-1] - ScalaProject - Project WorksheetExample has platform default sourceLevel.
2021-08-13 18:18:06,349  WARN [Worker-1] - ScalaProject - Project WorksheetExample runs on platform default installation.
2021-08-13 18:20:18,310  WARN [Worker-10] - ScalaProject - Project WorksheetExample has platform default sourceLevel.
2021-08-13 18:20:18,310  WARN [Worker-10] - ScalaProject - Project WorksheetExample runs on platform default installation.
2021-08-13 18:20:20,196  WARN [Worker-13] - ScalaProject - Project WorksheetExample has platform default sourceLevel.
2021-08-13 18:20:20,196  WARN [Worker-13] - ScalaProject - Project WorksheetExample runs on platform default installation.
2021-08-13 18:20:58,735 ERROR [Text Viewer Hover Presenter] - IScalaPresentationCompiler$ - Ignoring InterruptException
2021-08-13 18:20:58,735 ERROR [Text Viewer Hover Presenter] - IScalaPresentationCompiler$ - Ignoring InterruptException
2021-08-13 18:20:58,735 ERROR [Text Viewer Hover Presenter] - IScalaPresentationCompiler$ - Ignoring InterruptException
2021-08-13 18:20:58,736 ERROR [Text Viewer Hover Presenter] - IScalaPresentationCompiler$ - Ignoring InterruptException
2021-08-13 18:20:58,736 ERROR [Text Viewer Hover Presenter] - IScalaPresentationCompiler$ - Ignoring InterruptException
2021-08-13 18:20:58,736 ERROR [Text Viewer Hover Presenter] - IScalaPresentationCompiler$ - Ignoring InterruptException
2021-08-13 18:20:58,736 ERROR [Text Viewer Hover Presenter] - IScalaPresentationCompiler$ - Ignoring InterruptException
2021-08-13 18:20:58,736 ERROR [Text Viewer Hover Presenter] - IScalaPresentationCompiler$ - Ignoring InterruptException
2021-08-13 18:20:58,736 ERROR [Text Viewer Hover Presenter] - IScalaPresentationCompiler$ - Ignoring InterruptException
2021-08-13 18:20:58,736 ERROR [Text Viewer Hover Presenter] - IScalaPresentationCompiler$ - Ignoring InterruptException
2021-08-13 18:20:58,737 ERROR [Text Viewer Hover Presenter] - IScalaPresentationCompiler$ - Ignoring InterruptException
2021-08-13 18:20:58,737 ERROR [Text Viewer Hover Presenter] - IScalaPresentationCompiler$ - Ignoring InterruptException
2021-08-13 18:20:58,739 ERROR [Text Viewer Hover Presenter] - IScalaPresentationCompiler$ - Ignoring InterruptException
2021-08-13 18:20:58,739 ERROR [Text Viewer Hover Presenter] - IScalaPresentationCompiler$ - Ignoring InterruptException
2021-08-13 18:20:58,739 ERROR [Text Viewer Hover Presenter] - IScalaPresentationCompiler$ - Ignoring InterruptException
2021-08-13 18:20:58,739 ERROR [Text Viewer Hover Presenter] - IScalaPresentationCompiler$ - Ignoring InterruptException
2021-08-13 18:20:58,739 ERROR [Text Viewer Hover Presenter] - IScalaPresentationCompiler$ - Ignoring InterruptException
2021-08-13 18:20:58,740 ERROR [Text Viewer Hover Presenter] - IScalaPresentationCompiler$ - Ignoring InterruptException
2021-08-13 18:20:58,740 ERROR [Text Viewer Hover Presenter] - IScalaPresentationCompiler$ - Ignoring InterruptException
2021-08-13 18:20:58,740 ERROR [Text Viewer Hover Presenter] - IScalaPresentationCompiler$ - Ignoring InterruptException
2021-08-13 18:20:58,740 ERROR [Text Viewer Hover Presenter] - IScalaPresentationCompiler$ - Ignoring InterruptException
2021-08-13 18:20:58,747 ERROR [Text Viewer Hover Presenter] - IScalaPresentationCompiler$ - Ignoring InterruptException
2021-08-13 18:20:58,748 ERROR [Text Viewer Hover Presenter] - IScalaPresentationCompiler$ - Ignoring InterruptException
2021-08-13 18:20:58,748 ERROR [Text Viewer Hover Presenter] - IScalaPresentationCompiler$ - Ignoring InterruptException
2021-08-13 18:20:58,748 ERROR [Text Viewer Hover Presenter] - IScalaPresentationCompiler$ - Ignoring InterruptException
2021-08-13 18:20:58,749 ERROR [Text Viewer Hover Presenter] - IScalaPresentationCompiler$ - Ignoring InterruptException
2021-08-13 18:20:58,749 ERROR [Text Viewer Hover Presenter] - IScalaPresentationCompiler$ - Ignoring InterruptException
2021-08-13 18:20:58,749 ERROR [Text Viewer Hover Presenter] - IScalaPresentationCompiler$ - Ignoring InterruptException
2021-08-13 18:20:58,749 ERROR [Text Viewer Hover Presenter] - IScalaPresentationCompiler$ - Ignoring InterruptException
2021-08-13 18:20:58,749 ERROR [Text Viewer Hover Presenter] - IScalaPresentationCompiler$ - Ignoring InterruptException
2021-08-13 18:20:58,749 ERROR [Text Viewer Hover Presenter] - IScalaPresentationCompiler$ - Ignoring InterruptException
2021-08-13 18:20:58,750 ERROR [Text Viewer Hover Presenter] - IScalaPresentationCompiler$ - Ignoring InterruptException
2021-08-13 18:20:58,750 ERROR [Text Viewer Hover Presenter] - IScalaPresentationCompiler$ - Ignoring InterruptException
2021-08-13 18:20:58,751 ERROR [Text Viewer Hover Presenter] - IScalaPresentationCompiler$ - Ignoring InterruptException
2021-08-13 18:20:58,751 ERROR [Text Viewer Hover Presenter] - IScalaPresentationCompiler$ - Ignoring InterruptException
2021-08-13 18:20:58,751 ERROR [Text Viewer Hover Presenter] - IScalaPresentationCompiler$ - Ignoring InterruptException
2021-08-13 18:20:58,751 ERROR [Text Viewer Hover Presenter] - IScalaPresentationCompiler$ - Ignoring InterruptException
2021-08-13 18:20:58,752 ERROR [Text Viewer Hover Presenter] - IScalaPresentationCompiler$ - Ignoring InterruptException
2021-08-13 18:20:58,752 ERROR [Text Viewer Hover Presenter] - IScalaPresentationCompiler$ - Ignoring InterruptException
2021-08-13 18:20:58,752 ERROR [Text Viewer Hover Presenter] - IScalaPresentationCompiler$ - Ignoring InterruptException
2021-08-13 18:20:58,752 ERROR [Text Viewer Hover Presenter] - IScalaPresentationCompiler$ - Ignoring InterruptException
2021-08-13 18:20:58,752 ERROR [Text Viewer Hover Presenter] - IScalaPresentationCompiler$ - Ignoring InterruptException
2021-08-13 18:20:58,753 ERROR [Text Viewer Hover Presenter] - IScalaPresentationCompiler$ - Ignoring InterruptException
2021-08-13 18:20:58,753 ERROR [Text Viewer Hover Presenter] - IScalaPresentationCompiler$ - Ignoring InterruptException
2021-08-13 18:20:58,756 ERROR [Text Viewer Hover Presenter] - IScalaPresentationCompiler$ - Ignoring InterruptException
2021-08-13 18:20:58,756 ERROR [Text Viewer Hover Presenter] - IScalaPresentationCompiler$ - Ignoring InterruptException
2021-08-13 18:20:58,756 ERROR [Text Viewer Hover Presenter] - IScalaPresentationCompiler$ - Ignoring InterruptException
2021-08-13 18:20:58,756 ERROR [Text Viewer Hover Presenter] - IScalaPresentationCompiler$ - Ignoring InterruptException
2021-08-13 18:20:58,757 ERROR [Text Viewer Hover Presenter] - IScalaPresentationCompiler$ - Ignoring InterruptException
2021-08-13 18:20:58,757 ERROR [Text Viewer Hover Presenter] - IScalaPresentationCompiler$ - Ignoring InterruptException
2021-08-13 18:20:58,757 ERROR [Text Viewer Hover Presenter] - IScalaPresentationCompiler$ - Ignoring InterruptException
2021-08-13 18:20:58,757 ERROR [Text Viewer Hover Presenter] - IScalaPresentationCompiler$ - Ignoring InterruptException
2021-08-13 18:20:58,758 ERROR [Text Viewer Hover Presenter] - IScalaPresentationCompiler$ - Ignoring InterruptException
2021-08-13 18:20:58,758 ERROR [Text Viewer Hover Presenter] - IScalaPresentationCompiler$ - Ignoring InterruptException
2021-08-13 18:20:58,758 ERROR [Text Viewer Hover Presenter] - IScalaPresentationCompiler$ - Ignoring InterruptException
2021-08-13 18:20:58,758 ERROR [Text Viewer Hover Presenter] - IScalaPresentationCompiler$ - Ignoring InterruptException
2021-08-13 18:20:58,759 ERROR [Text Viewer Hover Presenter] - IScalaPresentationCompiler$ - Ignoring InterruptException
2021-08-13 18:20:58,759 ERROR [Text Viewer Hover Presenter] - IScalaPresentationCompiler$ - Ignoring InterruptException
2021-08-13 18:20:58,759 ERROR [Text Viewer Hover Presenter] - IScalaPresentationCompiler$ - Ignoring InterruptException
2021-08-13 18:20:58,759 ERROR [Text Viewer Hover Presenter] - IScalaPresentationCompiler$ - Ignoring InterruptException
2021-08-13 18:20:58,760 ERROR [Text Viewer Hover Presenter] - IScalaPresentationCompiler$ - Ignoring InterruptException
2021-08-13 18:20:58,760 ERROR [Text Viewer Hover Presenter] - IScalaPresentationCompiler$ - Ignoring InterruptException
2021-08-13 18:20:58,760 ERROR [Text Viewer Hover Presenter] - IScalaPresentationCompiler$ - Ignoring InterruptException
2021-08-13 18:20:58,760 ERROR [Text Viewer Hover Presenter] - IScalaPresentationCompiler$ - Ignoring InterruptException
2021-08-13 18:20:58,760 ERROR [Text Viewer Hover Presenter] - IScalaPresentationCompiler$ - Ignoring InterruptException
2021-08-13 18:20:58,760 ERROR [Text Viewer Hover Presenter] - IScalaPresentationCompiler$ - Ignoring InterruptException
2021-08-13 18:20:58,761 ERROR [Text Viewer Hover Presenter] - IScalaPresentationCompiler$ - Ignoring InterruptException
2021-08-13 18:20:58,761 ERROR [Text Viewer Hover Presenter] - IScalaPresentationCompiler$ - Ignoring InterruptException
2021-08-13 18:20:58,761 ERROR [Text Viewer Hover Presenter] - IScalaPresentationCompiler$ - Ignoring InterruptException
2021-08-13 18:20:58,761 ERROR [Text Viewer Hover Presenter] - IScalaPresentationCompiler$ - Ignoring InterruptException
2021-08-13 18:20:58,761 ERROR [Text Viewer Hover Presenter] - IScalaPresentationCompiler$ - Ignoring InterruptException
2021-08-13 18:20:58,761 ERROR [Text Viewer Hover Presenter] - IScalaPresentationCompiler$ - Ignoring InterruptException
2021-08-13 18:20:58,762 ERROR [Text Viewer Hover Presenter] - IScalaPresentationCompiler$ - Ignoring InterruptException
2021-08-13 18:20:58,762 ERROR [Text Viewer Hover Presenter] - IScalaPresentationCompiler$ - Ignoring InterruptException
2021-08-13 18:20:58,762 ERROR [Text Viewer Hover Presenter] - IScalaPresentationCompiler$ - Ignoring InterruptException
2021-08-13 18:20:58,762 ERROR [Text Viewer Hover Presenter] - IScalaPresentationCompiler$ - Ignoring InterruptException
2021-08-13 18:20:58,762 ERROR [Text Viewer Hover Presenter] - IScalaPresentationCompiler$ - Ignoring InterruptException
2021-08-13 18:20:58,762 ERROR [Text Viewer Hover Presenter] - IScalaPresentationCompiler$ - Ignoring InterruptException
2021-08-13 18:20:58,762 ERROR [Text Viewer Hover Presenter] - IScalaPresentationCompiler$ - Ignoring InterruptException
2021-08-13 18:20:58,762 ERROR [Text Viewer Hover Presenter] - IScalaPresentationCompiler$ - Ignoring InterruptException
2021-08-13 18:20:58,762 ERROR [Text Viewer Hover Presenter] - IScalaPresentationCompiler$ - Ignoring InterruptException
2021-08-13 18:20:58,762 ERROR [Text Viewer Hover Presenter] - IScalaPresentationCompiler$ - Ignoring InterruptException
2021-08-13 18:20:58,763 ERROR [Text Viewer Hover Presenter] - IScalaPresentationCompiler$ - Ignoring InterruptException
2021-08-13 18:21:26,862  WARN [Worker-11] - ScalaProject - Project WorksheetExample has platform default sourceLevel.
2021-08-13 18:21:26,862  WARN [Worker-11] - ScalaProject - Project WorksheetExample runs on platform default installation.
2021-08-13 18:21:35,743  WARN [Worker-10] - ScalaProject - Project WorksheetExample has platform default sourceLevel.
2021-08-13 18:21:35,743  WARN [Worker-10] - ScalaProject - Project WorksheetExample runs on platform default installation.
2021-08-13 18:21:45,393  WARN [Worker-1] - ScalaProject - Project WorksheetExample has platform default sourceLevel.
2021-08-13 18:21:45,394  WARN [Worker-1] - ScalaProject - Project WorksheetExample runs on platform default installation.
2021-08-13 18:21:58,357  WARN [Worker-1] - ScalaProject - Project WorksheetExample has platform default sourceLevel.
2021-08-13 18:21:58,357  WARN [Worker-1] - ScalaProject - Project WorksheetExample runs on platform default installation.
2021-08-13 18:22:06,870  WARN [Worker-11] - ScalaProject - Project WorksheetExample has platform default sourceLevel.
2021-08-13 18:22:06,870  WARN [Worker-11] - ScalaProject - Project WorksheetExample runs on platform default installation.
2021-08-13 18:22:12,230  WARN [Worker-13] - ScalaProject - Project WorksheetExample has platform default sourceLevel.
2021-08-13 18:22:12,230  WARN [Worker-13] - ScalaProject - Project WorksheetExample runs on platform default installation.
2021-08-13 18:22:17,947  WARN [Worker-13] - ScalaProject - Project WorksheetExample has platform default sourceLevel.
2021-08-13 18:22:17,947  WARN [Worker-13] - ScalaProject - Project WorksheetExample runs on platform default installation.
2021-08-13 18:22:21,962  WARN [Worker-14] - ScalaProject - Project WorksheetExample has platform default sourceLevel.
2021-08-13 18:22:21,962  WARN [Worker-14] - ScalaProject - Project WorksheetExample runs on platform default installation.
2021-08-13 18:22:29,226  WARN [Worker-1] - ScalaProject - Project WorksheetExample has platform default sourceLevel.
2021-08-13 18:22:29,226  WARN [Worker-1] - ScalaProject - Project WorksheetExample runs on platform default installation.
2021-08-13 18:22:35,468  WARN [Worker-1] - ScalaProject - Project WorksheetExample has platform default sourceLevel.
2021-08-13 18:22:35,468  WARN [Worker-1] - ScalaProject - Project WorksheetExample runs on platform default installation.
2021-08-13 18:22:37,202  WARN [Worker-1] - ScalaProject - Project WorksheetExample has platform default sourceLevel.
2021-08-13 18:22:37,202  WARN [Worker-1] - ScalaProject - Project WorksheetExample runs on platform default installation.
2021-08-13 18:30:02,137  WARN [Worker-11] - ScalaProject - Project WorksheetExample has platform default sourceLevel.
2021-08-13 18:30:02,137  WARN [Worker-11] - ScalaProject - Project WorksheetExample runs on platform default installation.
2021-08-13 18:30:03,788  WARN [Worker-13] - ScalaProject - Project WorksheetExample has platform default sourceLevel.
2021-08-13 18:30:03,788  WARN [Worker-13] - ScalaProject - Project WorksheetExample runs on platform default installation.
2021-08-13 18:31:41,258  WARN [Worker-1] - ScalaProject - Project WorksheetExample has platform default sourceLevel.
2021-08-13 18:31:41,259  WARN [Worker-1] - ScalaProject - Project WorksheetExample runs on platform default installation.
2021-08-13 18:31:47,287  WARN [Worker-1] - ScalaProject - Project WorksheetExample has platform default sourceLevel.
2021-08-13 18:31:47,287  WARN [Worker-1] - ScalaProject - Project WorksheetExample runs on platform default installation.
2021-08-13 18:31:50,467  WARN [Worker-14] - ScalaProject - Project WorksheetExample has platform default sourceLevel.
2021-08-13 18:31:50,467  WARN [Worker-14] - ScalaProject - Project WorksheetExample runs on platform default installation.
2021-08-13 18:31:53,239  WARN [Worker-10] - ScalaProject - Project WorksheetExample has platform default sourceLevel.
2021-08-13 18:31:53,239  WARN [Worker-10] - ScalaProject - Project WorksheetExample runs on platform default installation.
2021-08-13 18:31:56,604  WARN [Worker-13] - ScalaProject - Project WorksheetExample has platform default sourceLevel.
2021-08-13 18:31:56,604  WARN [Worker-13] - ScalaProject - Project WorksheetExample runs on platform default installation.
2021-08-13 18:31:58,295  WARN [Worker-14] - ScalaProject - Project WorksheetExample has platform default sourceLevel.
2021-08-13 18:31:58,295  WARN [Worker-14] - ScalaProject - Project WorksheetExample runs on platform default installation.
2021-08-13 18:41:00,003  WARN [Worker-14] - ScalaProject - Project WorksheetExample has platform default sourceLevel.
2021-08-13 18:41:00,004  WARN [Worker-14] - ScalaProject - Project WorksheetExample runs on platform default installation.
2021-08-13 18:41:14,414  WARN [Worker-14] - ScalaProject - Project WorksheetExample has platform default sourceLevel.
2021-08-13 18:41:14,431  WARN [Worker-14] - ScalaProject - Project WorksheetExample runs on platform default installation.
2021-08-13 18:41:34,815  WARN [Worker-13] - ScalaProject - Project WorksheetExample has platform default sourceLevel.
2021-08-13 18:41:34,815  WARN [Worker-13] - ScalaProject - Project WorksheetExample runs on platform default installation.
2021-08-13 18:41:54,439  WARN [Worker-10] - ScalaProject - Project WorksheetExample has platform default sourceLevel.
2021-08-13 18:41:54,439  WARN [Worker-10] - ScalaProject - Project WorksheetExample runs on platform default installation.
2021-08-13 18:41:56,136  WARN [Worker-13] - ScalaProject - Project WorksheetExample has platform default sourceLevel.
2021-08-13 18:41:56,137  WARN [Worker-13] - ScalaProject - Project WorksheetExample runs on platform default installation.
2021-08-13 19:58:43,371  WARN [Worker-18] - ScalaProject - Project WorksheetExample has platform default sourceLevel.
2021-08-13 19:58:43,371  WARN [Worker-18] - ScalaProject - Project WorksheetExample runs on platform default installation.
2021-08-13 19:58:45,020  WARN [Worker-18] - ScalaProject - Project WorksheetExample has platform default sourceLevel.
2021-08-13 19:58:45,020  WARN [Worker-18] - ScalaProject - Project WorksheetExample runs on platform default installation.
2021-08-13 20:00:26,656  WARN [Worker-18] - ScalaProject - Project WorksheetExample has platform default sourceLevel.
2021-08-13 20:00:26,656  WARN [Worker-18] - ScalaProject - Project WorksheetExample runs on platform default installation.
2021-08-13 20:00:28,254  WARN [Worker-14] - ScalaProject - Project WorksheetExample has platform default sourceLevel.
2021-08-13 20:00:28,255  WARN [Worker-14] - ScalaProject - Project WorksheetExample runs on platform default installation.
2021-08-14 18:45:24,088  WARN [Worker-1] - ScalaProject - Project WorksheetExample has platform default sourceLevel.
2021-08-14 18:45:24,128  WARN [Worker-1] - ScalaProject - Project WorksheetExample runs on platform default installation.
2021-08-14 18:45:24,157  WARN [Worker-1] - ScalaProject - Project HelloWorld has platform default sourceLevel.
2021-08-14 18:45:24,157  WARN [Worker-1] - ScalaProject - Project HelloWorld runs on platform default installation.
2021-08-14 18:45:25,249  WARN [org.eclipse.jface.text.reconciler.MonoReconciler] - ScalaProject - Project WorksheetExample has platform default sourceLevel.
2021-08-14 18:45:25,249  WARN [org.eclipse.jface.text.reconciler.MonoReconciler] - ScalaProject - Project WorksheetExample runs on platform default installation.
2021-08-14 18:54:35,319  WARN [Worker-6] - ScalaProject - Project WorksheetExample has platform default sourceLevel.
2021-08-14 18:54:35,319  WARN [Worker-6] - ScalaProject - Project WorksheetExample runs on platform default installation.
2021-08-14 18:54:35,483  WARN [Worker-6] - ScalaProject - Project WorksheetExample has platform default sourceLevel.
2021-08-14 18:54:35,483  WARN [Worker-6] - ScalaProject - Project WorksheetExample runs on platform default installation.
2021-08-14 18:54:41,101  WARN [Worker-10] - ScalaProject - Project WorksheetExample has platform default sourceLevel.
2021-08-14 18:54:41,101  WARN [Worker-10] - ScalaProject - Project WorksheetExample runs on platform default installation.
2021-08-14 18:54:48,810  WARN [Worker-3] - ScalaProject - Project WorksheetExample has platform default sourceLevel.
2021-08-14 18:54:48,810  WARN [Worker-3] - ScalaProject - Project WorksheetExample runs on platform default installation.
2021-08-14 18:54:56,596  WARN [Worker-10] - ScalaProject - Project WorksheetExample has platform default sourceLevel.
2021-08-14 18:54:56,596  WARN [Worker-10] - ScalaProject - Project WorksheetExample runs on platform default installation.
2021-08-14 18:55:02,369  WARN [Worker-10] - ScalaProject - Project WorksheetExample has platform default sourceLevel.
2021-08-14 18:55:02,369  WARN [Worker-10] - ScalaProject - Project WorksheetExample runs on platform default installation.
2021-08-14 18:55:04,641  WARN [Worker-3] - ScalaProject - Project WorksheetExample has platform default sourceLevel.
2021-08-14 18:55:04,641  WARN [Worker-3] - ScalaProject - Project WorksheetExample runs on platform default installation.
2021-08-14 18:55:29,072  WARN [Worker-10] - ScalaProject - Project WorksheetExample has platform default sourceLevel.
2021-08-14 18:55:29,072  WARN [Worker-10] - ScalaProject - Project WorksheetExample runs on platform default installation.
2021-08-14 18:55:31,184  WARN [Worker-10] - ScalaProject - Project WorksheetExample has platform default sourceLevel.
2021-08-14 18:55:31,184  WARN [Worker-10] - ScalaProject - Project WorksheetExample runs on platform default installation.
2021-08-14 18:55:34,076  WARN [Worker-3] - ScalaProject - Project WorksheetExample has platform default sourceLevel.
2021-08-14 18:55:34,077  WARN [Worker-3] - ScalaProject - Project WorksheetExample runs on platform default installation.
2021-08-14 18:55:35,686  WARN [Worker-7] - ScalaProject - Project WorksheetExample has platform default sourceLevel.
2021-08-14 18:55:35,686  WARN [Worker-7] - ScalaProject - Project WorksheetExample runs on platform default installation.
2021-08-14 18:55:37,539  WARN [Worker-8] - ScalaProject - Project WorksheetExample has platform default sourceLevel.
2021-08-14 18:55:37,540  WARN [Worker-8] - ScalaProject - Project WorksheetExample runs on platform default installation.
2021-08-14 18:55:45,477  WARN [Worker-5] - ScalaProject - Project WorksheetExample has platform default sourceLevel.
2021-08-14 18:55:45,477  WARN [Worker-5] - ScalaProject - Project WorksheetExample runs on platform default installation.
2021-08-14 18:55:47,210  WARN [Worker-4] - ScalaProject - Project WorksheetExample has platform default sourceLevel.
2021-08-14 18:55:47,210  WARN [Worker-4] - ScalaProject - Project WorksheetExample runs on platform default installation.
2021-08-14 18:56:28,881  WARN [Worker-7] - ScalaProject - Project WorksheetExample has platform default sourceLevel.
2021-08-14 18:56:28,881  WARN [Worker-7] - ScalaProject - Project WorksheetExample runs on platform default installation.
2021-08-14 18:56:33,438  WARN [Worker-4] - ScalaProject - Project WorksheetExample has platform default sourceLevel.
2021-08-14 18:56:33,438  WARN [Worker-4] - ScalaProject - Project WorksheetExample runs on platform default installation.
2021-08-14 18:56:35,222  WARN [Worker-3] - ScalaProject - Project WorksheetExample has platform default sourceLevel.
2021-08-14 18:56:35,223  WARN [Worker-3] - ScalaProject - Project WorksheetExample runs on platform default installation.
2021-08-14 19:04:04,601  WARN [Worker-10] - ScalaProject - Project WorksheetExample has platform default sourceLevel.
2021-08-14 19:04:04,601  WARN [Worker-10] - ScalaProject - Project WorksheetExample runs on platform default installation.
2021-08-14 19:05:19,136  WARN [Worker-8] - ScalaProject - Project WorksheetExample has platform default sourceLevel.
2021-08-14 19:05:19,136  WARN [Worker-8] - ScalaProject - Project WorksheetExample runs on platform default installation.
2021-08-14 19:05:20,836  WARN [Worker-6] - ScalaProject - Project WorksheetExample has platform default sourceLevel.
2021-08-14 19:05:20,837  WARN [Worker-6] - ScalaProject - Project WorksheetExample runs on platform default installation.
2021-08-14 19:13:12,896  WARN [Worker-8] - ScalaProject - Project WorksheetExample has platform default sourceLevel.
2021-08-14 19:13:12,896  WARN [Worker-8] - ScalaProject - Project WorksheetExample runs on platform default installation.
2021-08-14 19:13:53,336  WARN [Worker-5] - ScalaProject - Project WorksheetExample has platform default sourceLevel.
2021-08-14 19:13:53,336  WARN [Worker-5] - ScalaProject - Project WorksheetExample runs on platform default installation.
2021-08-14 19:14:26,387  WARN [Worker-6] - ScalaProject - Project WorksheetExample has platform default sourceLevel.
2021-08-14 19:14:26,387  WARN [Worker-6] - ScalaProject - Project WorksheetExample runs on platform default installation.
2021-08-14 19:15:50,124  WARN [Worker-5] - ScalaProject - Project WorksheetExample has platform default sourceLevel.
2021-08-14 19:15:50,124  WARN [Worker-5] - ScalaProject - Project WorksheetExample runs on platform default installation.
2021-08-14 19:15:51,858  WARN [Worker-10] - ScalaProject - Project WorksheetExample has platform default sourceLevel.
2021-08-14 19:15:51,858  WARN [Worker-10] - ScalaProject - Project WorksheetExample runs on platform default installation.
2021-08-14 19:19:04,871  WARN [Worker-8] - ScalaProject - Project WorksheetExample has platform default sourceLevel.
2021-08-14 19:19:04,871  WARN [Worker-8] - ScalaProject - Project WorksheetExample runs on platform default installation.
2021-08-14 19:19:10,355  WARN [Worker-8] - ScalaProject - Project WorksheetExample has platform default sourceLevel.
2021-08-14 19:19:10,355  WARN [Worker-8] - ScalaProject - Project WorksheetExample runs on platform default installation.
2021-08-14 19:19:22,994  WARN [Worker-3] - ScalaProject - Project WorksheetExample has platform default sourceLevel.
2021-08-14 19:19:22,994  WARN [Worker-3] - ScalaProject - Project WorksheetExample runs on platform default installation.
2021-08-14 19:19:26,876  WARN [Worker-10] - ScalaProject - Project WorksheetExample has platform default sourceLevel.
2021-08-14 19:19:26,876  WARN [Worker-10] - ScalaProject - Project WorksheetExample runs on platform default installation.
2021-08-14 19:19:28,669  WARN [Worker-10] - ScalaProject - Project WorksheetExample has platform default sourceLevel.
2021-08-14 19:19:28,669  WARN [Worker-10] - ScalaProject - Project WorksheetExample runs on platform default installation.
2021-08-14 19:22:38,100  WARN [Worker-8] - ScalaProject - Project WorksheetExample has platform default sourceLevel.
2021-08-14 19:22:38,101  WARN [Worker-8] - ScalaProject - Project WorksheetExample runs on platform default installation.
2021-08-14 19:22:50,296  WARN [Worker-10] - ScalaProject - Project WorksheetExample has platform default sourceLevel.
2021-08-14 19:22:50,296  WARN [Worker-10] - ScalaProject - Project WorksheetExample runs on platform default installation.
2021-08-14 19:23:05,111  WARN [Worker-5] - ScalaProject - Project WorksheetExample has platform default sourceLevel.
2021-08-14 19:23:05,111  WARN [Worker-5] - ScalaProject - Project WorksheetExample runs on platform default installation.
2021-08-14 19:23:07,477  WARN [Worker-5] - ScalaProject - Project WorksheetExample has platform default sourceLevel.
2021-08-14 19:23:07,478  WARN [Worker-5] - ScalaProject - Project WorksheetExample runs on platform default installation.
2021-08-14 21:03:52,153  WARN [Worker-10] - ScalaProject - Project WorksheetExample has platform default sourceLevel.
2021-08-14 21:03:52,154  WARN [Worker-10] - ScalaProject - Project WorksheetExample runs on platform default installation.
2021-08-14 21:03:54,077  WARN [Worker-16] - ScalaProject - Project WorksheetExample has platform default sourceLevel.
2021-08-14 21:03:54,077  WARN [Worker-16] - ScalaProject - Project WorksheetExample runs on platform default installation.
2021-08-14 21:04:47,422  WARN [Worker-14] - ScalaProject - Project WorksheetExample has platform default sourceLevel.
2021-08-14 21:04:47,422  WARN [Worker-14] - ScalaProject - Project WorksheetExample runs on platform default installation.
2021-08-14 21:04:49,032  WARN [Worker-12] - ScalaProject - Project WorksheetExample has platform default sourceLevel.
2021-08-14 21:04:49,032  WARN [Worker-12] - ScalaProject - Project WorksheetExample runs on platform default installation.
2021-08-14 21:04:53,958  WARN [Worker-16] - ScalaProject - Project WorksheetExample has platform default sourceLevel.
2021-08-14 21:04:53,959  WARN [Worker-16] - ScalaProject - Project WorksheetExample runs on platform default installation.
2021-08-14 21:04:55,665  WARN [Worker-14] - ScalaProject - Project WorksheetExample has platform default sourceLevel.
2021-08-14 21:04:55,666  WARN [Worker-14] - ScalaProject - Project WorksheetExample runs on platform default installation.
2021-08-14 21:10:50,310  WARN [Worker-16] - ScalaProject - Project WorksheetExample has platform default sourceLevel.
2021-08-14 21:10:50,310  WARN [Worker-16] - ScalaProject - Project WorksheetExample runs on platform default installation.
2021-08-14 21:10:53,571  WARN [Worker-16] - ScalaProject - Project WorksheetExample has platform default sourceLevel.
2021-08-14 21:10:53,571  WARN [Worker-16] - ScalaProject - Project WorksheetExample runs on platform default installation.
2021-08-14 21:10:55,306  WARN [Worker-10] - ScalaProject - Project WorksheetExample has platform default sourceLevel.
2021-08-14 21:10:55,307  WARN [Worker-10] - ScalaProject - Project WorksheetExample runs on platform default installation.
2021-08-14 21:10:56,879  WARN [Worker-16] - ScalaProject - Project WorksheetExample has platform default sourceLevel.
2021-08-14 21:10:56,879  WARN [Worker-16] - ScalaProject - Project WorksheetExample runs on platform default installation.
2021-08-14 21:13:19,369  WARN [Worker-10] - ScalaProject - Project WorksheetExample has platform default sourceLevel.
2021-08-14 21:13:19,369  WARN [Worker-10] - ScalaProject - Project WorksheetExample runs on platform default installation.
2021-08-14 21:13:21,030  WARN [Worker-16] - ScalaProject - Project WorksheetExample has platform default sourceLevel.
2021-08-14 21:13:21,031  WARN [Worker-16] - ScalaProject - Project WorksheetExample runs on platform default installation.
2021-08-14 21:13:32,027  WARN [Worker-14] - ScalaProject - Project WorksheetExample has platform default sourceLevel.
2021-08-14 21:13:32,027  WARN [Worker-14] - ScalaProject - Project WorksheetExample runs on platform default installation.
2021-08-14 21:13:34,671  WARN [Worker-14] - ScalaProject - Project WorksheetExample has platform default sourceLevel.
2021-08-14 21:13:34,671  WARN [Worker-14] - ScalaProject - Project WorksheetExample runs on platform default installation.
2021-08-14 21:13:36,354  WARN [Worker-16] - ScalaProject - Project WorksheetExample has platform default sourceLevel.
2021-08-14 21:13:36,354  WARN [Worker-16] - ScalaProject - Project WorksheetExample runs on platform default installation.
2021-08-14 21:29:58,763  WARN [Worker-14] - ScalaProject - Project WorksheetExample has platform default sourceLevel.
2021-08-14 21:29:58,764  WARN [Worker-14] - ScalaProject - Project WorksheetExample runs on platform default installation.
2021-08-14 21:30:00,468  WARN [Worker-16] - ScalaProject - Project WorksheetExample has platform default sourceLevel.
2021-08-14 21:30:00,468  WARN [Worker-16] - ScalaProject - Project WorksheetExample runs on platform default installation.
2021-08-14 21:37:16,268  WARN [Worker-12] - ScalaProject - Project WorksheetExample has platform default sourceLevel.
2021-08-14 21:37:16,268  WARN [Worker-12] - ScalaProject - Project WorksheetExample runs on platform default installation.
2021-08-14 21:37:29,522  WARN [Worker-14] - ScalaProject - Project WorksheetExample has platform default sourceLevel.
2021-08-14 21:37:29,527  WARN [Worker-14] - ScalaProject - Project WorksheetExample runs on platform default installation.
2021-08-14 21:37:31,246  WARN [Worker-12] - ScalaProject - Project WorksheetExample has platform default sourceLevel.
2021-08-14 21:37:31,246  WARN [Worker-12] - ScalaProject - Project WorksheetExample runs on platform default installation.
2021-08-14 22:24:05,133  WARN [Worker-10] - ScalaProject - Project WorksheetExample has platform default sourceLevel.
2021-08-14 22:24:05,133  WARN [Worker-10] - ScalaProject - Project WorksheetExample runs on platform default installation.
2021-08-14 22:25:21,462  WARN [Worker-10] - ScalaProject - Project WorksheetExample has platform default sourceLevel.
2021-08-14 22:25:21,463  WARN [Worker-10] - ScalaProject - Project WorksheetExample runs on platform default installation.
2021-08-14 22:25:44,909  WARN [Worker-19] - ScalaProject - Project WorksheetExample has platform default sourceLevel.
2021-08-14 22:25:44,909  WARN [Worker-19] - ScalaProject - Project WorksheetExample runs on platform default installation.
2021-08-14 22:25:50,067  WARN [Worker-19] - ScalaProject - Project WorksheetExample has platform default sourceLevel.
2021-08-14 22:25:50,067  WARN [Worker-19] - ScalaProject - Project WorksheetExample runs on platform default installation.
2021-08-14 22:25:51,691  WARN [Worker-10] - ScalaProject - Project WorksheetExample has platform default sourceLevel.
2021-08-14 22:25:51,692  WARN [Worker-10] - ScalaProject - Project WorksheetExample runs on platform default installation.
2021-08-14 22:25:53,365  WARN [Worker-10] - ScalaProject - Project WorksheetExample has platform default sourceLevel.
2021-08-14 22:25:53,365  WARN [Worker-10] - ScalaProject - Project WorksheetExample runs on platform default installation.
2021-08-14 22:27:33,420  WARN [Worker-18] - ScalaProject - Project WorksheetExample has platform default sourceLevel.
2021-08-14 22:27:33,420  WARN [Worker-18] - ScalaProject - Project WorksheetExample runs on platform default installation.
2021-08-14 22:27:35,253  WARN [Worker-17] - ScalaProject - Project WorksheetExample has platform default sourceLevel.
2021-08-14 22:27:35,253  WARN [Worker-17] - ScalaProject - Project WorksheetExample runs on platform default installation.
2021-08-14 22:27:36,986  WARN [Worker-17] - ScalaProject - Project WorksheetExample has platform default sourceLevel.
2021-08-14 22:27:36,986  WARN [Worker-17] - ScalaProject - Project WorksheetExample runs on platform default installation.
2021-08-14 22:27:38,691  WARN [Worker-19] - ScalaProject - Project WorksheetExample has platform default sourceLevel.
2021-08-14 22:27:38,691  WARN [Worker-19] - ScalaProject - Project WorksheetExample runs on platform default installation.
2021-08-14 22:27:40,364  WARN [Worker-19] - ScalaProject - Project WorksheetExample has platform default sourceLevel.
2021-08-14 22:27:40,364  WARN [Worker-19] - ScalaProject - Project WorksheetExample runs on platform default installation.
2021-08-14 22:28:03,015  WARN [Worker-19] - ScalaProject - Project WorksheetExample has platform default sourceLevel.
2021-08-14 22:28:03,015  WARN [Worker-19] - ScalaProject - Project WorksheetExample runs on platform default installation.
2021-08-14 22:28:04,722  WARN [Worker-19] - ScalaProject - Project WorksheetExample has platform default sourceLevel.
2021-08-14 22:28:04,722  WARN [Worker-19] - ScalaProject - Project WorksheetExample runs on platform default installation.
2021-08-14 22:28:28,756  WARN [Worker-10] - ScalaProject - Project WorksheetExample has platform default sourceLevel.
2021-08-14 22:28:28,756  WARN [Worker-10] - ScalaProject - Project WorksheetExample runs on platform default installation.
2021-08-14 22:28:30,416  WARN [Worker-18] - ScalaProject - Project WorksheetExample has platform default sourceLevel.
2021-08-14 22:28:30,416  WARN [Worker-18] - ScalaProject - Project WorksheetExample runs on platform default installation.
2021-08-14 22:28:31,948  WARN [Worker-10] - ScalaProject - Project WorksheetExample has platform default sourceLevel.
2021-08-14 22:28:31,949  WARN [Worker-10] - ScalaProject - Project WorksheetExample runs on platform default installation.
2021-08-14 22:28:35,679  WARN [Worker-18] - ScalaProject - Project WorksheetExample has platform default sourceLevel.
2021-08-14 22:28:35,679  WARN [Worker-18] - ScalaProject - Project WorksheetExample runs on platform default installation.
2021-08-14 22:30:12,644  WARN [Worker-17] - ScalaProject - Project WorksheetExample has platform default sourceLevel.
2021-08-14 22:30:12,644  WARN [Worker-17] - ScalaProject - Project WorksheetExample runs on platform default installation.
2021-08-14 22:30:42,533  WARN [Worker-17] - ScalaProject - Project WorksheetExample has platform default sourceLevel.
2021-08-14 22:30:42,533  WARN [Worker-17] - ScalaProject - Project WorksheetExample runs on platform default installation.
2021-08-14 22:30:44,162  WARN [Worker-20] - ScalaProject - Project WorksheetExample has platform default sourceLevel.
2021-08-14 22:30:44,163  WARN [Worker-20] - ScalaProject - Project WorksheetExample runs on platform default installation.
2021-08-14 22:30:53,403  WARN [Worker-17] - ScalaProject - Project WorksheetExample has platform default sourceLevel.
2021-08-14 22:30:53,404  WARN [Worker-17] - ScalaProject - Project WorksheetExample runs on platform default installation.
2021-08-14 22:35:04,639  WARN [Worker-18] - ScalaProject - Project WorksheetExample has platform default sourceLevel.
2021-08-14 22:35:04,640  WARN [Worker-18] - ScalaProject - Project WorksheetExample runs on platform default installation.
2021-08-14 22:35:06,391  WARN [Worker-20] - ScalaProject - Project WorksheetExample has platform default sourceLevel.
2021-08-14 22:35:06,391  WARN [Worker-20] - ScalaProject - Project WorksheetExample runs on platform default installation.
2021-08-14 22:35:15,318  WARN [Worker-10] - ScalaProject - Project WorksheetExample has platform default sourceLevel.
2021-08-14 22:35:15,318  WARN [Worker-10] - ScalaProject - Project WorksheetExample runs on platform default installation.
2021-08-14 22:35:17,438  WARN [Worker-18] - ScalaProject - Project WorksheetExample has platform default sourceLevel.
2021-08-14 22:35:17,439  WARN [Worker-18] - ScalaProject - Project WorksheetExample runs on platform default installation.
2021-08-14 22:35:55,764  WARN [Worker-20] - ScalaProject - Project WorksheetExample has platform default sourceLevel.
2021-08-14 22:35:55,765  WARN [Worker-20] - ScalaProject - Project WorksheetExample runs on platform default installation.
2021-08-14 22:36:09,369  WARN [Worker-17] - ScalaProject - Project WorksheetExample has platform default sourceLevel.
2021-08-14 22:36:09,369  WARN [Worker-17] - ScalaProject - Project WorksheetExample runs on platform default installation.
2021-08-14 22:36:11,016  WARN [Worker-20] - ScalaProject - Project WorksheetExample has platform default sourceLevel.
2021-08-14 22:36:11,016  WARN [Worker-20] - ScalaProject - Project WorksheetExample runs on platform default installation.
2021-08-14 23:10:18,066  WARN [Worker-17] - ScalaProject - Project WorksheetExample has platform default sourceLevel.
2021-08-14 23:10:18,067  WARN [Worker-17] - ScalaProject - Project WorksheetExample runs on platform default installation.
2021-08-14 23:10:19,802  WARN [Worker-21] - ScalaProject - Project WorksheetExample has platform default sourceLevel.
2021-08-14 23:10:19,802  WARN [Worker-21] - ScalaProject - Project WorksheetExample runs on platform default installation.
2021-08-14 23:10:29,210  WARN [Worker-21] - ScalaProject - Project WorksheetExample has platform default sourceLevel.
2021-08-14 23:10:29,210  WARN [Worker-21] - ScalaProject - Project WorksheetExample runs on platform default installation.
2021-08-14 23:10:32,733  WARN [Worker-17] - ScalaProject - Project WorksheetExample has platform default sourceLevel.
2021-08-14 23:10:32,733  WARN [Worker-17] - ScalaProject - Project WorksheetExample runs on platform default installation.
2021-08-14 23:10:34,342  WARN [Worker-21] - ScalaProject - Project WorksheetExample has platform default sourceLevel.
2021-08-14 23:10:34,343  WARN [Worker-21] - ScalaProject - Project WorksheetExample runs on platform default installation.
2021-08-14 23:10:42,410  WARN [Worker-18] - ScalaProject - Project WorksheetExample has platform default sourceLevel.
2021-08-14 23:10:42,411  WARN [Worker-18] - ScalaProject - Project WorksheetExample runs on platform default installation.
2021-08-14 23:10:43,985  WARN [Worker-22] - ScalaProject - Project WorksheetExample has platform default sourceLevel.
2021-08-14 23:10:43,985  WARN [Worker-22] - ScalaProject - Project WorksheetExample runs on platform default installation.
2021-08-14 23:12:00,797  WARN [Worker-18] - ScalaProject - Project WorksheetExample has platform default sourceLevel.
2021-08-14 23:12:00,797  WARN [Worker-18] - ScalaProject - Project WorksheetExample runs on platform default installation.
2021-08-14 23:12:02,428  WARN [Worker-18] - ScalaProject - Project WorksheetExample has platform default sourceLevel.
2021-08-14 23:12:02,428  WARN [Worker-18] - ScalaProject - Project WorksheetExample runs on platform default installation.
2021-08-14 23:12:09,940  WARN [Worker-18] - ScalaProject - Project WorksheetExample has platform default sourceLevel.
2021-08-14 23:12:09,941  WARN [Worker-18] - ScalaProject - Project WorksheetExample runs on platform default installation.
2021-08-14 23:12:11,528  WARN [Worker-21] - ScalaProject - Project WorksheetExample has platform default sourceLevel.
2021-08-14 23:12:11,528  WARN [Worker-21] - ScalaProject - Project WorksheetExample runs on platform default installation.
2021-08-14 23:12:17,876  WARN [Worker-19] - ScalaProject - Project WorksheetExample has platform default sourceLevel.
2021-08-14 23:12:17,876  WARN [Worker-19] - ScalaProject - Project WorksheetExample runs on platform default installation.
2021-08-14 23:12:20,692  WARN [Worker-22] - ScalaProject - Project WorksheetExample has platform default sourceLevel.
2021-08-14 23:12:20,692  WARN [Worker-22] - ScalaProject - Project WorksheetExample runs on platform default installation.
2021-08-14 23:12:22,706  WARN [Worker-22] - ScalaProject - Project WorksheetExample has platform default sourceLevel.
2021-08-14 23:12:22,706  WARN [Worker-22] - ScalaProject - Project WorksheetExample runs on platform default installation.
2021-08-14 23:12:26,188  WARN [Worker-18] - ScalaProject - Project WorksheetExample has platform default sourceLevel.
2021-08-14 23:12:26,188  WARN [Worker-18] - ScalaProject - Project WorksheetExample runs on platform default installation.
2021-08-14 23:12:27,856  WARN [Worker-17] - ScalaProject - Project WorksheetExample has platform default sourceLevel.
2021-08-14 23:12:27,856  WARN [Worker-17] - ScalaProject - Project WorksheetExample runs on platform default installation.
2021-08-14 23:12:30,351  WARN [Worker-18] - ScalaProject - Project WorksheetExample has platform default sourceLevel.
2021-08-14 23:12:30,351  WARN [Worker-18] - ScalaProject - Project WorksheetExample runs on platform default installation.
2021-08-14 23:12:31,981  WARN [Worker-18] - ScalaProject - Project WorksheetExample has platform default sourceLevel.
2021-08-14 23:12:31,981  WARN [Worker-18] - ScalaProject - Project WorksheetExample runs on platform default installation.
2021-08-14 23:28:27,346  WARN [Worker-21] - ScalaProject - Project WorksheetExample has platform default sourceLevel.
2021-08-14 23:28:27,346  WARN [Worker-21] - ScalaProject - Project WorksheetExample runs on platform default installation.
2021-08-14 23:28:28,948  WARN [Worker-17] - ScalaProject - Project WorksheetExample has platform default sourceLevel.
2021-08-14 23:28:28,948  WARN [Worker-17] - ScalaProject - Project WorksheetExample runs on platform default installation.
2021-08-14 23:38:10,836  WARN [Worker-19] - ScalaProject - Project WorksheetExample has platform default sourceLevel.
2021-08-14 23:38:10,836  WARN [Worker-19] - ScalaProject - Project WorksheetExample runs on platform default installation.
2021-08-14 23:38:12,465  WARN [Worker-23] - ScalaProject - Project WorksheetExample has platform default sourceLevel.
2021-08-14 23:38:12,465  WARN [Worker-23] - ScalaProject - Project WorksheetExample runs on platform default installation.
2021-08-14 23:45:29,592  WARN [ModalContext] - ScalaProject - Project SampleProgram has platform default sourceLevel.
2021-08-14 23:45:29,592  WARN [ModalContext] - ScalaProject - Project SampleProgram runs on platform default installation.
2021-08-14 23:45:30,687  WARN [Worker-22] - ScalaProject - Project SampleProgram has platform default sourceLevel.
2021-08-14 23:45:30,687  WARN [Worker-22] - ScalaProject - Project SampleProgram runs on platform default installation.
2021-08-14 23:46:26,704  WARN [main] - ScalaProject - Project SampleProgram has platform default sourceLevel.
2021-08-14 23:46:26,704  WARN [main] - ScalaProject - Project SampleProgram runs on platform default installation.
2021-08-14 23:46:32,751  WARN [Worker-22] - ScalaProject - Project SampleProgram has platform default sourceLevel.
2021-08-14 23:46:32,752  WARN [Worker-22] - ScalaProject - Project SampleProgram runs on platform default installation.
2021-08-14 23:46:33,160  WARN [Java indexing] - ScalaProject - Project SampleProgram has platform default sourceLevel.
2021-08-14 23:46:33,161  WARN [Java indexing] - ScalaProject - Project SampleProgram runs on platform default installation.
2021-08-14 23:46:37,373  WARN [Worker-19] - ScalaProject - Project SampleProgram has platform default sourceLevel.
2021-08-14 23:46:37,373  WARN [Worker-19] - ScalaProject - Project SampleProgram runs on platform default installation.
2021-08-14 23:52:31,971  WARN [org.eclipse.jface.text.reconciler.MonoReconciler] - ScalaProject - Project WorksheetExample has platform default sourceLevel.
2021-08-14 23:52:31,971  WARN [org.eclipse.jface.text.reconciler.MonoReconciler] - ScalaProject - Project WorksheetExample runs on platform default installation.
2021-08-14 23:54:31,118  WARN [Worker-22] - ScalaProject - Project SampleProgram has platform default sourceLevel.
2021-08-14 23:54:31,118  WARN [Worker-22] - ScalaProject - Project SampleProgram runs on platform default installation.
2021-08-16 22:40:19,377  WARN [main] - ScalaProject - Project SampleProgram has platform default sourceLevel.
2021-08-16 22:40:19,394  WARN [main] - ScalaProject - Project SampleProgram runs on platform default installation.
2021-08-16 22:40:19,435  WARN [main] - ScalaProject - Project SampleProgram has platform default sourceLevel.
2021-08-16 22:40:19,435  WARN [main] - ScalaProject - Project SampleProgram runs on platform default installation.
2021-08-16 22:40:25,066  WARN [main] - ScalaProject - Project HelloWorld has platform default sourceLevel.
2021-08-16 22:40:25,066  WARN [main] - ScalaProject - Project HelloWorld runs on platform default installation.
2021-08-16 22:40:32,711  WARN [Worker-6] - ScalaProject - Project WorksheetExample has platform default sourceLevel.
2021-08-16 22:40:32,712  WARN [Worker-6] - ScalaProject - Project WorksheetExample runs on platform default installation.
2021-08-16 22:40:44,186  WARN [Java indexing] - ScalaProject - Project HelloWorld has platform default sourceLevel.
2021-08-16 22:40:44,186  WARN [Java indexing] - ScalaProject - Project HelloWorld runs on platform default installation.
2021-08-17 15:46:10,963  WARN [main] - ScalaProject - Project SampleProgram has platform default sourceLevel.
2021-08-17 15:46:10,978  WARN [main] - ScalaProject - Project SampleProgram runs on platform default installation.
2021-08-17 15:46:10,988  WARN [main] - ScalaProject - Project SampleProgram has platform default sourceLevel.
2021-08-17 15:46:10,989  WARN [main] - ScalaProject - Project SampleProgram runs on platform default installation.
2021-08-17 15:46:16,225  WARN [main] - ScalaProject - Project HelloWorld has platform default sourceLevel.
2021-08-17 15:46:16,226  WARN [main] - ScalaProject - Project HelloWorld runs on platform default installation.
2021-08-17 15:46:19,184  WARN [Worker-2] - ScalaProject - Project WorksheetExample has platform default sourceLevel.
2021-08-17 15:46:19,192  WARN [Worker-2] - ScalaProject - Project WorksheetExample runs on platform default installation.
2021-08-17 15:49:42,459  WARN [org.eclipse.jface.text.reconciler.MonoReconciler] - ScalaProject - Project WorksheetExample has platform default sourceLevel.
2021-08-17 15:49:42,459  WARN [org.eclipse.jface.text.reconciler.MonoReconciler] - ScalaProject - Project WorksheetExample runs on platform default installation.
2021-08-17 15:50:49,324  WARN [Java indexing] - ScalaProject - Project SampleProgram has platform default sourceLevel.
2021-08-17 15:50:49,324  WARN [Java indexing] - ScalaProject - Project SampleProgram runs on platform default installation.
2021-08-17 15:50:50,355  WARN [Worker-4] - ScalaProject - Project HelloWorld has platform default sourceLevel.
2021-08-17 15:50:50,356  WARN [Worker-4] - ScalaProject - Project HelloWorld runs on platform default installation.
2021-08-17 15:50:50,432  WARN [Worker-4] - ScalaProject - Project HelloWorld has platform default sourceLevel.
2021-08-17 15:50:50,433  WARN [Worker-4] - ScalaProject - Project HelloWorld runs on platform default installation.
2021-08-17 15:50:58,189  WARN [Worker-4] - ScalaProject - Project SampleProgram has platform default sourceLevel.
2021-08-17 15:50:58,190  WARN [Worker-4] - ScalaProject - Project SampleProgram runs on platform default installation.
2021-08-17 15:50:58,205  WARN [Worker-4] - ScalaProject - Project SampleProgram has platform default sourceLevel.
2021-08-17 15:50:58,206  WARN [Worker-4] - ScalaProject - Project SampleProgram runs on platform default installation.
2021-08-17 15:51:01,257  WARN [Worker-4] - ScalaProject - Project WorksheetExample has platform default sourceLevel.
2021-08-17 15:51:01,257  WARN [Worker-4] - ScalaProject - Project WorksheetExample runs on platform default installation.
2021-08-17 15:51:01,280  WARN [Worker-4] - ScalaProject - Project WorksheetExample has platform default sourceLevel.
2021-08-17 15:51:01,280  WARN [Worker-4] - ScalaProject - Project WorksheetExample runs on platform default installation.
2021-08-17 15:52:12,629  WARN [Worker-9] - ScalaProject - Project SampleProgram has platform default sourceLevel.
2021-08-17 15:52:12,630  WARN [Worker-9] - ScalaProject - Project SampleProgram runs on platform default installation.
2021-08-17 15:52:34,813  WARN [Worker-9] - ScalaProject - Project SampleProgram has platform default sourceLevel.
2021-08-17 15:52:34,813  WARN [Worker-9] - ScalaProject - Project SampleProgram runs on platform default installation.
2021-08-17 15:53:46,170  WARN [Worker-10] - ScalaProject - Project SampleProgram has platform default sourceLevel.
2021-08-17 15:53:46,170  WARN [Worker-10] - ScalaProject - Project SampleProgram runs on platform default installation.
2021-08-17 15:53:53,208 ERROR [scala-execution-context-global-76] - EclipseRepl - error during command processing
scala.reflect.internal.Symbols$CyclicReference: illegal cyclic reference involving object scala
	at scala.reflect.internal.Symbols$Symbol.$anonfun$info$3(Symbols.scala:1519)
	at scala.Function0.apply$mcV$sp(Function0.scala:34)
	at scala.reflect.internal.Symbols$Symbol.lock(Symbols.scala:569)
	at scala.reflect.internal.Symbols$Symbol.info(Symbols.scala:1517)
	at scala.reflect.runtime.SynchronizedSymbols$SynchronizedSymbol$$anon$2.scala$reflect$runtime$SynchronizedSymbols$SynchronizedSymbol$$super$info(SynchronizedSymbols.scala:175)
	at scala.reflect.runtime.SynchronizedSymbols$SynchronizedSymbol.$anonfun$info$1(SynchronizedSymbols.scala:129)
	at scala.reflect.runtime.SynchronizedSymbols$SynchronizedSymbol.gilSynchronizedIfNotThreadsafe(SynchronizedSymbols.scala:125)
	at scala.reflect.runtime.SynchronizedSymbols$SynchronizedSymbol.gilSynchronizedIfNotThreadsafe$(SynchronizedSymbols.scala:121)
	at scala.reflect.runtime.SynchronizedSymbols$SynchronizedSymbol$$anon$2.gilSynchronizedIfNotThreadsafe(SynchronizedSymbols.scala:175)
	at scala.reflect.runtime.SynchronizedSymbols$SynchronizedSymbol.info(SynchronizedSymbols.scala:129)
	at scala.reflect.runtime.SynchronizedSymbols$SynchronizedSymbol.info$(SynchronizedSymbols.scala:129)
	at scala.reflect.runtime.SynchronizedSymbols$SynchronizedSymbol$$anon$2.info(SynchronizedSymbols.scala:175)
	at scala.reflect.internal.pickling.UnPickler$Scan.fromName$1(UnPickler.scala:215)
	at scala.reflect.internal.pickling.UnPickler$Scan.$anonfun$readSymbol$3(UnPickler.scala:240)
	at scala.reflect.internal.pickling.UnPickler$Scan.readExtSymbol$1(UnPickler.scala:240)
	at scala.reflect.internal.pickling.UnPickler$Scan.readSymbol(UnPickler.scala:265)
	at scala.reflect.internal.pickling.UnPickler$Scan.readSymbolRef(UnPickler.scala:629)
	at scala.reflect.internal.pickling.UnPickler$Scan.readType(UnPickler.scala:397)
	at scala.reflect.internal.pickling.UnPickler$Scan.$anonfun$readTypeRef$1(UnPickler.scala:638)
	at scala.reflect.internal.pickling.UnPickler$Scan.at(UnPickler.scala:177)
	at scala.reflect.internal.pickling.UnPickler$Scan.readTypeRef(UnPickler.scala:638)
	at scala.reflect.internal.pickling.UnPickler$Scan.$anonfun$readType$1(UnPickler.scala:359)
	at scala.reflect.internal.pickling.PickleBuffer.until(PickleBuffer.scala:154)
	at scala.reflect.internal.pickling.UnPickler$Scan.readTypes$1(UnPickler.scala:357)
	at scala.reflect.internal.pickling.UnPickler$Scan.readType(UnPickler.scala:399)
	at scala.reflect.internal.pickling.UnPickler$Scan$LazyTypeRef.$anonfun$completeInternal$1(UnPickler.scala:712)
	at scala.reflect.internal.pickling.UnPickler$Scan.at(UnPickler.scala:177)
	at scala.reflect.internal.pickling.UnPickler$Scan$LazyTypeRef.completeInternal(UnPickler.scala:712)
	at scala.reflect.internal.pickling.UnPickler$Scan$LazyTypeRef.complete(UnPickler.scala:739)
	at scala.reflect.internal.Symbols$Symbol.info(Symbols.scala:1531)
	at scala.reflect.runtime.SynchronizedSymbols$SynchronizedSymbol$$anon$2.scala$reflect$runtime$SynchronizedSymbols$SynchronizedSymbol$$super$info(SynchronizedSymbols.scala:175)
	at scala.reflect.runtime.SynchronizedSymbols$SynchronizedSymbol.$anonfun$info$1(SynchronizedSymbols.scala:129)
	at scala.reflect.runtime.SynchronizedSymbols$SynchronizedSymbol.gilSynchronizedIfNotThreadsafe(SynchronizedSymbols.scala:125)
	at scala.reflect.runtime.SynchronizedSymbols$SynchronizedSymbol.gilSynchronizedIfNotThreadsafe$(SynchronizedSymbols.scala:121)
	at scala.reflect.runtime.SynchronizedSymbols$SynchronizedSymbol$$anon$2.gilSynchronizedIfNotThreadsafe(SynchronizedSymbols.scala:175)
	at scala.reflect.runtime.SynchronizedSymbols$SynchronizedSymbol.info(SynchronizedSymbols.scala:129)
	at scala.reflect.runtime.SynchronizedSymbols$SynchronizedSymbol.info$(SynchronizedSymbols.scala:129)
	at scala.reflect.runtime.SynchronizedSymbols$SynchronizedSymbol$$anon$2.info(SynchronizedSymbols.scala:175)
	at scala.reflect.internal.Types$TypeRef.baseClasses(Types.scala:2300)
	at scala.reflect.internal.tpe.FindMembers$FindMemberBase.<init>(FindMembers.scala:17)
	at scala.reflect.internal.tpe.FindMembers$FindMember.<init>(FindMembers.scala:219)
	at scala.reflect.internal.Types$Type.findMemberInternal$1(Types.scala:1033)
	at scala.reflect.internal.Types$Type.findMember(Types.scala:1035)
	at scala.reflect.internal.Types$Type.memberBasedOnName(Types.scala:661)
	at scala.reflect.internal.Types$Type.member(Types.scala:625)
	at scala.reflect.internal.Mirrors$RootsBase.getModuleOrClass(Mirrors.scala:48)
	at scala.reflect.internal.Mirrors$RootsBase.getModuleOrClass(Mirrors.scala:66)
	at scala.reflect.internal.Mirrors$RootsBase.staticPackage(Mirrors.scala:194)
	at scala.reflect.runtime.JavaMirrors$JavaMirror.staticPackage(JavaMirrors.scala:82)
	at scala.reflect.internal.Mirrors$RootsBase.$anonfun$init$1(Mirrors.scala:235)
	at scala.reflect.internal.Mirrors$RootsBase.init(Mirrors.scala:232)
	at scala.reflect.runtime.JavaMirrors.createMirror(JavaMirrors.scala:32)
	at scala.reflect.runtime.JavaMirrors.$anonfun$runtimeMirror$1(JavaMirrors.scala:49)
	at scala.reflect.runtime.JavaMirrors.runtimeMirror(JavaMirrors.scala:47)
	at scala.reflect.runtime.JavaMirrors.runtimeMirror$(JavaMirrors.scala:46)
	at scala.reflect.runtime.JavaUniverse.runtimeMirror(JavaUniverse.scala:16)
	at scala.reflect.runtime.JavaMirrors$JavaMirror.mirrorDefining(JavaMirrors.scala:566)
	at scala.reflect.runtime.SymbolLoaders$PackageScope.$anonfun$lookupEntry$1(SymbolLoaders.scala:136)
	at scala.reflect.runtime.SymbolLoaders$PackageScope.syncLockSynchronized(SymbolLoaders.scala:121)
	at scala.reflect.runtime.SymbolLoaders$PackageScope.lookupEntry(SymbolLoaders.scala:123)
	at scala.reflect.internal.Types$Type.findDecl(Types.scala:990)
	at scala.reflect.internal.Types$Type.decl(Types.scala:586)
	at scala.reflect.runtime.JavaMirrors.missingHook(JavaMirrors.scala:1330)
	at scala.reflect.runtime.JavaMirrors.missingHook$(JavaMirrors.scala:1326)
	at scala.reflect.runtime.JavaUniverse.missingHook(JavaUniverse.scala:16)
	at scala.reflect.internal.Mirrors$RootsBase.universeMissingHook(Mirrors.scala:82)
	at scala.reflect.internal.Mirrors$RootsBase.$anonfun$missingHook$2(Mirrors.scala:85)
	at scala.reflect.internal.Mirrors$RootsBase.missingHook(Mirrors.scala:85)
	at scala.reflect.internal.Mirrors$RootsBase.getModuleOrClass(Mirrors.scala:53)
	at scala.reflect.internal.Mirrors$RootsBase.getModuleOrClass(Mirrors.scala:45)
	at scala.reflect.internal.Mirrors$RootsBase.getModuleOrClass(Mirrors.scala:66)
	at scala.reflect.internal.Mirrors$RootsBase.staticPackage(Mirrors.scala:194)
	at scala.reflect.runtime.JavaMirrors$JavaMirror.staticPackage(JavaMirrors.scala:82)
	at scala.reflect.internal.Mirrors$RootsBase.$anonfun$init$1(Mirrors.scala:235)
	at scala.reflect.internal.Mirrors$RootsBase.init(Mirrors.scala:232)
	at scala.reflect.runtime.JavaMirrors.createMirror(JavaMirrors.scala:32)
	at scala.reflect.runtime.JavaMirrors.$anonfun$runtimeMirror$1(JavaMirrors.scala:49)
	at scala.reflect.runtime.JavaMirrors.runtimeMirror(JavaMirrors.scala:47)
	at scala.reflect.runtime.JavaMirrors.runtimeMirror$(JavaMirrors.scala:46)
	at scala.reflect.runtime.JavaUniverse.runtimeMirror(JavaUniverse.scala:16)
	at scala.reflect.runtime.JavaUniverse.runtimeMirror(JavaUniverse.scala:16)
	at scala.tools.nsc.interpreter.IMain.runtimeMirror$lzycompute(IMain.scala:161)
	at scala.tools.nsc.interpreter.IMain.runtimeMirror(IMain.scala:161)
	at scala.tools.nsc.interpreter.IMain.$anonfun$getModuleIfDefined$1(IMain.scala:170)
	at scala.tools.nsc.interpreter.IMain.getModuleIfDefined(IMain.scala:163)
	at scala.tools.nsc.interpreter.IMain.readRootPath(IMain.scala:295)
	at scala.tools.nsc.interpreter.IMain$ReadEvalPrint.resolvePathToSymbol(IMain.scala:765)
	at scala.tools.nsc.interpreter.IMain$Request.resultSymbol$lzycompute(IMain.scala:970)
	at scala.tools.nsc.interpreter.IMain$Request.resultSymbol(IMain.scala:969)
	at scala.tools.nsc.interpreter.IMain$Request.$anonfun$typeMap$1(IMain.scala:981)
	at scala.reflect.internal.util.Collections.$anonfun$mapFrom$1(Collections.scala:195)
	at scala.tools.nsc.interpreter.IMain$Request.typeOf$lzycompute(IMain.scala:981)
	at scala.tools.nsc.interpreter.IMain$Request.typeOf(IMain.scala:986)
	at scala.tools.nsc.interpreter.IMain$Request.compile$lzycompute(IMain.scala:949)
	at scala.tools.nsc.interpreter.IMain$Request.compile(IMain.scala:942)
	at scala.tools.nsc.interpreter.IMain.compile(IMain.scala:600)
	at scala.tools.nsc.interpreter.IMain.interpret(IMain.scala:589)
	at scala.tools.nsc.interpreter.IMain.interpret(IMain.scala:561)
	at org.scalaide.core.internal.repl.EclipseRepl$DefaultBuilder$$anon$1.interpret(EclipseRepl.scala:154)
	at org.scalaide.core.internal.repl.EclipseRepl.$anonfun$doit$1(EclipseRepl.scala:232)
	at org.scalaide.core.internal.repl.EclipseRepl.$anonfun$doit$1$adapted(EclipseRepl.scala:230)
	at scala.Option.map(Option.scala:146)
	at org.scalaide.core.internal.repl.EclipseRepl.doit(EclipseRepl.scala:230)
	at org.scalaide.core.internal.repl.EclipseRepl.add(EclipseRepl.scala:211)
	at org.scalaide.core.internal.repl.EclipseRepl.$anonfun$exec$1(EclipseRepl.scala:176)
	at org.scalaide.core.internal.repl.EclipseRepl.$anonfun$exec$1$adapted(EclipseRepl.scala:176)
	at org.scalaide.core.internal.repl.EclipseRepl.$anonfun$safely$3(EclipseRepl.scala:252)
	at scala.runtime.java8.JFunction0$mcV$sp.apply(JFunction0$mcV$sp.java:12)
	at scala.util.DynamicVariable.withValue(DynamicVariable.scala:58)
	at scala.Console$.withErr(Console.scala:192)
	at org.scalaide.core.internal.repl.EclipseRepl.$anonfun$safely$2(EclipseRepl.scala:251)
	at scala.runtime.java8.JFunction0$mcV$sp.apply(JFunction0$mcV$sp.java:12)
	at scala.util.DynamicVariable.withValue(DynamicVariable.scala:58)
	at scala.Console$.withOut(Console.scala:163)
	at org.scalaide.core.internal.repl.EclipseRepl.$anonfun$safely$1(EclipseRepl.scala:250)
	at scala.runtime.java8.JFunction0$mcV$sp.apply(JFunction0$mcV$sp.java:12)
	at scala.concurrent.Future$.$anonfun$apply$1(Future.scala:653)
	at scala.util.Success.$anonfun$map$1(Try.scala:251)
	at scala.util.Success.map(Try.scala:209)
	at scala.concurrent.Future.$anonfun$map$1(Future.scala:287)
	at scala.concurrent.impl.Promise.liftedTree1$1(Promise.scala:29)
	at scala.concurrent.impl.Promise.$anonfun$transform$1(Promise.scala:29)
	at scala.concurrent.impl.CallbackRunnable.run(Promise.scala:60)
	at scala.concurrent.impl.ExecutionContextImpl$AdaptedForkJoinTask.exec(ExecutionContextImpl.scala:140)
	at java.util.concurrent.ForkJoinTask.doExec(Unknown Source)
	at java.util.concurrent.ForkJoinPool$WorkQueue.runTask(Unknown Source)
	at java.util.concurrent.ForkJoinPool.runWorker(Unknown Source)
	at java.util.concurrent.ForkJoinWorkerThread.run(Unknown Source)
